This file contains any messages produced by compilers while
running configure, to aid debugging if configure makes a mistake.

It was created by seafile configure 1.7.0, which was
generated by GNU Autoconf 2.68.  Invocation command line was

  $ ./configure --disable-server --enable-gui --enable-client

## --------- ##
## Platform. ##
## --------- ##

hostname = fx.CCDIOIS.local
uname -m = amd64
uname -r = 5.3
uname -s = OpenBSD
uname -v = GENERIC.MP#62

/usr/bin/uname -p = amd64
/bin/uname -X     = unknown

/bin/arch              = unknown
/usr/bin/arch -k       = OpenBSD.amd64
/usr/convex/getsysinfo = unknown
/usr/bin/hostinfo      = unknown
/bin/machine           = unknown
/usr/bin/oslevel       = unknown
/bin/universe          = unknown

PATH: /bin
PATH: /usr/bin
PATH: /sbin
PATH: /usr/sbin
PATH: /usr/X11R6/bin
PATH: /usr/local/bin
PATH: /usr/local/sbin


## ----------- ##
## Core tests. ##
## ----------- ##

configure:2456: checking for a BSD-compatible install
configure:2524: result: /usr/bin/install -c
configure:2535: checking whether build environment is sane
configure:2585: result: yes
configure:2726: checking for a thread-safe mkdir -p
configure:2765: result: ./install-sh -c -d
configure:2778: checking for gawk
configure:2808: result: no
configure:2778: checking for mawk
configure:2808: result: no
configure:2778: checking for nawk
configure:2808: result: no
configure:2778: checking for awk
configure:2794: found /usr/bin/awk
configure:2805: result: awk
configure:2816: checking whether make sets $(MAKE)
configure:2838: result: yes
configure:2923: checking build system type
configure:2937: result: x86_64-unknown-openbsd5.3
configure:2957: checking host system type
configure:2970: result: x86_64-unknown-openbsd5.3
configure:3080: checking for gcc
configure:3096: found /usr/bin/gcc
configure:3107: result: gcc
configure:3336: checking for C compiler version
configure:3345: gcc --version >&5
gcc (GCC) 4.2.1 20070719 
Copyright (C) 2007 Free Software Foundation, Inc.
This is free software; see the source for copying conditions.  There is NO
warranty; not even for MERCHANTABILITY or FITNESS FOR A PARTICULAR PURPOSE.

configure:3356: $? = 0
configure:3345: gcc -v >&5
Reading specs from /usr/lib/gcc-lib/amd64-unknown-openbsd5.3/4.2.1/specs
Target: amd64-unknown-openbsd5.3
Configured with: OpenBSD/amd64 system compiler
Thread model: posix
gcc version 4.2.1 20070719 
configure:3356: $? = 0
configure:3345: gcc -V >&5
gcc: '-V' option must have argument
configure:3356: $? = 1
configure:3345: gcc -qversion >&5
gcc: unrecognized option '-qversion'
gcc: no input files
configure:3356: $? = 1
configure:3376: checking whether the C compiler works
configure:3398: gcc -I/usr/local/include  -L/usr/local/lib conftest.c  >&5
configure:3402: $? = 0
configure:3450: result: yes
configure:3453: checking for C compiler default output file name
configure:3455: result: a.out
configure:3461: checking for suffix of executables
configure:3468: gcc -o conftest -I/usr/local/include  -L/usr/local/lib conftest.c  >&5
configure:3472: $? = 0
configure:3494: result: 
configure:3516: checking whether we are cross compiling
configure:3524: gcc -o conftest -I/usr/local/include  -L/usr/local/lib conftest.c  >&5
configure:3528: $? = 0
configure:3535: ./conftest
configure:3539: $? = 0
configure:3554: result: no
configure:3559: checking for suffix of object files
configure:3581: gcc -c -I/usr/local/include  conftest.c >&5
configure:3585: $? = 0
configure:3606: result: o
configure:3610: checking whether we are using the GNU C compiler
configure:3629: gcc -c -I/usr/local/include  conftest.c >&5
configure:3629: $? = 0
configure:3638: result: yes
configure:3647: checking whether gcc accepts -g
configure:3667: gcc -c -g  conftest.c >&5
configure:3667: $? = 0
configure:3708: result: yes
configure:3725: checking for gcc option to accept ISO C89
configure:3789: gcc  -c -I/usr/local/include  conftest.c >&5
configure:3789: $? = 0
configure:3802: result: none needed
configure:3833: checking for style of include used by make
configure:3861: result: GNU
configure:3887: checking dependency style of gcc
configure:3998: result: gcc3
configure:4015: checking for an ANSI C-conforming const
configure:4080: gcc -c -I/usr/local/include  conftest.c >&5
configure:4080: $? = 0
configure:4087: result: yes
configure:4095: checking whether make sets $(MAKE)
configure:4117: result: yes
configure:4173: checking how to print strings
configure:4202: result: print -r
configure:4221: checking for a sed that does not truncate output
configure:4285: result: /usr/bin/sed
configure:4303: checking for grep that handles long lines and -e
configure:4361: result: /usr/bin/grep
configure:4366: checking for egrep
configure:4428: result: /usr/bin/grep -E
configure:4433: checking for fgrep
configure:4495: result: /usr/bin/grep -F
configure:4530: checking for ld used by gcc
configure:4597: result: /usr/bin/ld
configure:4604: checking if the linker (/usr/bin/ld) is GNU ld
configure:4619: result: yes
configure:4631: checking for BSD- or MS-compatible name lister (nm)
configure:4680: result: /usr/bin/nm -B
configure:4810: checking the name lister (/usr/bin/nm -B) interface
configure:4817: gcc -c -I/usr/local/include  conftest.c >&5
configure:4820: /usr/bin/nm -B "conftest.o"
configure:4823: output
00000000 F conftest.c
00000000 D some_variable
configure:4830: result: BSD nm
configure:4833: checking whether ln -s works
configure:4837: result: yes
configure:4845: checking the maximum length of command line arguments
configure:4975: result: 196608
configure:4992: checking whether the shell understands some XSI constructs
configure:5002: result: yes
configure:5006: checking whether the shell understands "+="
configure:5012: result: no
configure:5047: checking how to convert x86_64-unknown-openbsd5.3 file names to x86_64-unknown-openbsd5.3 format
configure:5087: result: func_convert_file_noop
configure:5094: checking how to convert x86_64-unknown-openbsd5.3 file names to toolchain format
configure:5114: result: func_convert_file_noop
configure:5121: checking for /usr/bin/ld option to reload object files
configure:5128: result: -r
configure:5202: checking for objdump
configure:5218: found /usr/bin/objdump
configure:5229: result: objdump
configure:5261: checking how to recognize dependent libraries
configure:5463: result: match_pattern /lib[^/]+(\.so\.[0-9]+\.[0-9]+|\.so|_pic\.a)$
configure:5548: checking for dlltool
configure:5578: result: no
configure:5608: checking how to associate runtime and link libraries
configure:5635: result: print -r --
configure:5695: checking for ar
configure:5711: found /usr/bin/ar
configure:5722: result: ar
configure:5759: checking for archiver @FILE support
configure:5776: gcc -c -I/usr/local/include  conftest.c >&5
configure:5776: $? = 0
configure:5779: ar cru libconftest.a @conftest.lst >&5
ar: '@conftest.lst': No such file
configure:5782: $? = 0
configure:5787: ar cru libconftest.a @conftest.lst >&5
ar: '@conftest.lst': No such file
configure:5790: $? = 0
configure:5802: result: no
configure:5860: checking for strip
configure:5876: found /usr/bin/strip
configure:5887: result: strip
configure:5959: checking for ranlib
configure:5975: found /usr/bin/ranlib
configure:5986: result: ranlib
configure:6088: checking command to parse /usr/bin/nm -B output from gcc object
configure:6208: gcc -c -I/usr/local/include  conftest.c >&5
configure:6211: $? = 0
configure:6215: /usr/bin/nm -B conftest.o \| sed -n -e 's/^.*[ ]\([BCDEGRST][BCDEGRST]*\)[ ][ ]*\([_A-Za-z][_A-Za-z0-9]*\)$/\1 \2 \2/p' | sed '/ __gnu_lto/d' \> conftest.nm
configure:6218: $? = 0
configure:6284: gcc -o conftest -I/usr/local/include  -L/usr/local/lib conftest.c conftstm.o >&5
configure:6287: $? = 0
configure:6325: result: ok
configure:6362: checking for sysroot
configure:6392: result: no
configure:6648: checking for mt
configure:6664: found /bin/mt
configure:6675: result: mt
configure:6698: checking if mt is a manifest tool
configure:6704: mt '-?'
mt: unknown option -- ?
usage: mt [-f device] command [count]
configure:6712: result: no
configure:7354: checking how to run the C preprocessor
configure:7385: gcc -E  conftest.c
configure:7385: $? = 0
configure:7399: gcc -E  conftest.c
conftest.c:11:28: error: ac_nonexistent.h: No such file or directory
configure:7399: $? = 1
configure: failed program was:
| /* confdefs.h */
| #define PACKAGE_NAME "seafile"
| #define PACKAGE_TARNAME "seafile"
| #define PACKAGE_VERSION "1.7.0"
| #define PACKAGE_STRING "seafile 1.7.0"
| #define PACKAGE_BUGREPORT "freeplant@gmail.com"
| #define PACKAGE_URL ""
| #define PACKAGE "seafile"
| #define VERSION "1.7.0"
| /* end confdefs.h.  */
| #include <ac_nonexistent.h>
configure:7424: result: gcc -E
configure:7444: gcc -E  conftest.c
configure:7444: $? = 0
configure:7458: gcc -E  conftest.c
conftest.c:11:28: error: ac_nonexistent.h: No such file or directory
configure:7458: $? = 1
configure: failed program was:
| /* confdefs.h */
| #define PACKAGE_NAME "seafile"
| #define PACKAGE_TARNAME "seafile"
| #define PACKAGE_VERSION "1.7.0"
| #define PACKAGE_STRING "seafile 1.7.0"
| #define PACKAGE_BUGREPORT "freeplant@gmail.com"
| #define PACKAGE_URL ""
| #define PACKAGE "seafile"
| #define VERSION "1.7.0"
| /* end confdefs.h.  */
| #include <ac_nonexistent.h>
configure:7487: checking for ANSI C header files
configure:7507: gcc -c -I/usr/local/include  conftest.c >&5
configure:7507: $? = 0
configure:7580: gcc -o conftest -I/usr/local/include  -L/usr/local/lib conftest.c  >&5
configure:7580: $? = 0
configure:7580: ./conftest
configure:7580: $? = 0
configure:7591: result: yes
configure:7604: checking for sys/types.h
configure:7604: gcc -c -I/usr/local/include  conftest.c >&5
configure:7604: $? = 0
configure:7604: result: yes
configure:7604: checking for sys/stat.h
configure:7604: gcc -c -I/usr/local/include  conftest.c >&5
configure:7604: $? = 0
configure:7604: result: yes
configure:7604: checking for stdlib.h
configure:7604: gcc -c -I/usr/local/include  conftest.c >&5
configure:7604: $? = 0
configure:7604: result: yes
configure:7604: checking for string.h
configure:7604: gcc -c -I/usr/local/include  conftest.c >&5
configure:7604: $? = 0
configure:7604: result: yes
configure:7604: checking for memory.h
configure:7604: gcc -c -I/usr/local/include  conftest.c >&5
configure:7604: $? = 0
configure:7604: result: yes
configure:7604: checking for strings.h
configure:7604: gcc -c -I/usr/local/include  conftest.c >&5
configure:7604: $? = 0
configure:7604: result: yes
configure:7604: checking for inttypes.h
configure:7604: gcc -c -I/usr/local/include  conftest.c >&5
configure:7604: $? = 0
configure:7604: result: yes
configure:7604: checking for stdint.h
configure:7604: gcc -c -I/usr/local/include  conftest.c >&5
configure:7604: $? = 0
configure:7604: result: yes
configure:7604: checking for unistd.h
configure:7604: gcc -c -I/usr/local/include  conftest.c >&5
configure:7604: $? = 0
configure:7604: result: yes
configure:7618: checking for dlfcn.h
configure:7618: gcc -c -I/usr/local/include  conftest.c >&5
configure:7618: $? = 0
configure:7618: result: yes
configure:7794: checking for objdir
configure:7809: result: .libs
configure:8080: checking if gcc supports -fno-rtti -fno-exceptions
configure:8098: gcc -c -I/usr/local/include  -fno-rtti -fno-exceptions conftest.c >&5
cc1: warning: command line option "-fno-rtti" is valid for C++/ObjC++ but not for C
configure:8102: $? = 0
configure:8115: result: no
configure:8442: checking for gcc option to produce PIC
configure:8449: result: -fPIC -DPIC
configure:8457: checking if gcc PIC flag -fPIC -DPIC works
configure:8475: gcc -c -I/usr/local/include  -fPIC -DPIC -DPIC conftest.c >&5
configure:8479: $? = 0
configure:8492: result: yes
configure:8521: checking if gcc static flag -static works
configure:8549: result: yes
configure:8564: checking if gcc supports -c -o file.o
configure:8585: gcc -c -I/usr/local/include  -o out/conftest2.o conftest.c >&5
configure:8589: $? = 0
configure:8611: result: yes
configure:8619: checking if gcc supports -c -o file.o
configure:8666: result: yes
configure:8699: checking whether the gcc linker (/usr/bin/ld) supports shared libraries
configure:9856: result: yes
configure:9893: checking whether -lc should be explicitly linked in
configure:9901: gcc -c -I/usr/local/include  conftest.c >&5
configure:9904: $? = 0
configure:9919: gcc -shared  -fPIC -DPIC -o conftest conftest.o  -v 2\>\&1 \| /usr/bin/grep  -lc  \>/dev/null 2\>\&1
configure:9922: $? = 1
configure:9936: result: yes
configure:10096: checking dynamic linker characteristics
configure:10841: result: openbsd5.3 ld.so
configure:10948: checking how to hardcode library paths into programs
configure:10973: result: immediate
configure:11513: checking whether stripping libraries is possible
configure:11518: result: yes
configure:11553: checking if libtool supports shared libraries
configure:11555: result: yes
configure:11558: checking whether to build shared libraries
configure:11579: result: yes
configure:11582: checking whether to build static libraries
configure:11586: result: yes
configure:11635: checking for special C compiler options needed for large files
configure:11680: result: no
configure:11686: checking for _FILE_OFFSET_BITS value needed for large files
configure:11711: gcc -c -I/usr/local/include  conftest.c >&5
configure:11711: $? = 0
configure:11743: result: no
configure:11831: checking for WIN32
configure:11838: result: no
configure:11842: checking for Mac
configure:11849: result: no
configure:11853: checking for Linux
configure:11857: result: compile in linux
configure:12118: checking for uuid_generate in -le2fs-uuid
configure:12143: gcc -o conftest -I/usr/local/include  -L/usr/local/lib conftest.c -le2fs-uuid   >&5
/usr/local/lib/libe2fs-uuid.so.0.0: warning: sprintf() is often misused, please use snprintf()
configure:12143: $? = 0
configure:12152: result: yes
configure:12203: checking for event_init in -levent
configure:12228: gcc -o conftest -I/usr/local/include  -L/usr/local/lib conftest.c -levent   >&5
configure:12228: $? = 0
configure:12237: result: yes
configure:12290: checking for pthread_create in -lpthread
configure:12315: gcc -o conftest -I/usr/local/include  -L/usr/local/lib conftest.c -lpthread   >&5
configure:12315: $? = 0
configure:12324: result: yes
configure:12332: checking for sqlite3_open in -lsqlite3
configure:12357: gcc -o conftest -I/usr/local/include  -L/usr/local/lib conftest.c -lsqlite3   >&5
configure:12357: $? = 0
configure:12366: result: yes
configure:12374: checking for SHA1_Init in -lcrypto
configure:12399: gcc -o conftest -I/usr/local/include  -L/usr/local/lib conftest.c -lcrypto   >&5
configure:12399: $? = 0
configure:12408: result: yes
configure:12545: checking for pkg-config
configure:12563: found /usr/bin/pkg-config
configure:12575: result: /usr/bin/pkg-config
configure:12600: checking pkg-config is at least version 0.9.0
configure:12603: result: yes
configure:12613: checking for GLIB2
configure:12620: $PKG_CONFIG --exists --print-errors "glib-2.0 >= $GLIB_REQUIRED"
configure:12623: $? = 0
configure:12637: $PKG_CONFIG --exists --print-errors "glib-2.0 >= $GLIB_REQUIRED"
configure:12640: $? = 0
configure:12698: result: yes
configure:12707: checking for GOBJECT
configure:12714: $PKG_CONFIG --exists --print-errors "gobject-2.0 >= $GLIB_REQUIRED"
configure:12717: $? = 0
configure:12731: $PKG_CONFIG --exists --print-errors "gobject-2.0 >= $GLIB_REQUIRED"
configure:12734: $? = 0
configure:12792: result: yes
configure:12801: checking for CCNET
configure:12808: $PKG_CONFIG --exists --print-errors "libccnet >= $CCNET_REQUIRED"
Package libccnet was not found in the pkg-config search path
configure:12811: $? = 1
configure:12825: $PKG_CONFIG --exists --print-errors "libccnet >= $CCNET_REQUIRED"
Package libccnet was not found in the pkg-config search path
configure:12828: $? = 1
configure:12842: result: no
Package libccnet was not found in the pkg-config search path
configure:12858: error: Package requirements (libccnet >= 0.9.3) were not met:

Package libccnet was not found in the pkg-config search path

Consider adjusting the PKG_CONFIG_PATH environment variable if you
installed software in a non-standard prefix.

Alternatively, you may set the environment variables CCNET_CFLAGS
and CCNET_LIBS to avoid the need to call pkg-config.
See the pkg-config man page for more details.

## ---------------- ##
## Cache variables. ##
## ---------------- ##

ac_cv_build=x86_64-unknown-openbsd5.3
ac_cv_c_compiler_gnu=yes
ac_cv_c_const=yes
ac_cv_env_APP_INDICATOR_CFLAGS_set=
ac_cv_env_APP_INDICATOR_CFLAGS_value=
ac_cv_env_APP_INDICATOR_LIBS_set=
ac_cv_env_APP_INDICATOR_LIBS_value=
ac_cv_env_CCNET_CFLAGS_set=
ac_cv_env_CCNET_CFLAGS_value=
ac_cv_env_CCNET_LIBS_set=
ac_cv_env_CCNET_LIBS_value=
ac_cv_env_CC_set=
ac_cv_env_CC_value=
ac_cv_env_CFLAGS_set=set
ac_cv_env_CFLAGS_value=-I/usr/local/include
ac_cv_env_CPPFLAGS_set=
ac_cv_env_CPPFLAGS_value=
ac_cv_env_CPP_set=
ac_cv_env_CPP_value=
ac_cv_env_CURL_CFLAGS_set=
ac_cv_env_CURL_CFLAGS_value=
ac_cv_env_CURL_LIBS_set=
ac_cv_env_CURL_LIBS_value=
ac_cv_env_GLIB2_CFLAGS_set=
ac_cv_env_GLIB2_CFLAGS_value=
ac_cv_env_GLIB2_LIBS_set=
ac_cv_env_GLIB2_LIBS_value=
ac_cv_env_GOBJECT_CFLAGS_set=
ac_cv_env_GOBJECT_CFLAGS_value=
ac_cv_env_GOBJECT_LIBS_set=
ac_cv_env_GOBJECT_LIBS_value=
ac_cv_env_GTK_CFLAGS_set=
ac_cv_env_GTK_CFLAGS_value=
ac_cv_env_GTK_LIBS_set=
ac_cv_env_GTK_LIBS_value=
ac_cv_env_LDFLAGS_set=set
ac_cv_env_LDFLAGS_value=-L/usr/local/lib
ac_cv_env_LIBARCHIVE_CFLAGS_set=
ac_cv_env_LIBARCHIVE_CFLAGS_value=
ac_cv_env_LIBARCHIVE_LIBS_set=
ac_cv_env_LIBARCHIVE_LIBS_value=
ac_cv_env_LIBNOTIFY7_CFLAGS_set=
ac_cv_env_LIBNOTIFY7_CFLAGS_value=
ac_cv_env_LIBNOTIFY7_LIBS_set=
ac_cv_env_LIBNOTIFY7_LIBS_value=
ac_cv_env_LIBNOTIFY_CFLAGS_set=
ac_cv_env_LIBNOTIFY_CFLAGS_value=
ac_cv_env_LIBNOTIFY_LIBS_set=
ac_cv_env_LIBNOTIFY_LIBS_value=
ac_cv_env_LIBS_set=
ac_cv_env_LIBS_value=
ac_cv_env_PKG_CONFIG_LIBDIR_set=
ac_cv_env_PKG_CONFIG_LIBDIR_value=
ac_cv_env_PKG_CONFIG_PATH_set=
ac_cv_env_PKG_CONFIG_PATH_value=
ac_cv_env_PKG_CONFIG_set=
ac_cv_env_PKG_CONFIG_value=
ac_cv_env_PYTHON_set=
ac_cv_env_PYTHON_value=
ac_cv_env_SEARPC_CFLAGS_set=
ac_cv_env_SEARPC_CFLAGS_value=
ac_cv_env_SEARPC_LIBS_set=
ac_cv_env_SEARPC_LIBS_value=
ac_cv_env_ZDB_CFLAGS_set=
ac_cv_env_ZDB_CFLAGS_value=
ac_cv_env_ZDB_LIBS_set=
ac_cv_env_ZDB_LIBS_value=
ac_cv_env_build_alias_set=
ac_cv_env_build_alias_value=
ac_cv_env_host_alias_set=
ac_cv_env_host_alias_value=
ac_cv_env_target_alias_set=
ac_cv_env_target_alias_value=
ac_cv_header_dlfcn_h=yes
ac_cv_header_inttypes_h=yes
ac_cv_header_memory_h=yes
ac_cv_header_stdc=yes
ac_cv_header_stdint_h=yes
ac_cv_header_stdlib_h=yes
ac_cv_header_string_h=yes
ac_cv_header_strings_h=yes
ac_cv_header_sys_stat_h=yes
ac_cv_header_sys_types_h=yes
ac_cv_header_unistd_h=yes
ac_cv_host=x86_64-unknown-openbsd5.3
ac_cv_lib_crypto_SHA1_Init=yes
ac_cv_lib_event_event_init=yes
ac_cv_lib_pthread_pthread_create=yes
ac_cv_lib_sqlite3_sqlite3_open=yes
ac_cv_lib_uuid_uuid_generate=yes
ac_cv_objext=o
ac_cv_path_EGREP='/usr/bin/grep -E'
ac_cv_path_FGREP='/usr/bin/grep -F'
ac_cv_path_GREP=/usr/bin/grep
ac_cv_path_SED=/usr/bin/sed
ac_cv_path_ac_pt_PKG_CONFIG=/usr/bin/pkg-config
ac_cv_path_install='/usr/bin/install -c'
ac_cv_prog_AWK=awk
ac_cv_prog_CPP='gcc -E'
ac_cv_prog_ac_ct_AR=ar
ac_cv_prog_ac_ct_CC=gcc
ac_cv_prog_ac_ct_MANIFEST_TOOL=mt
ac_cv_prog_ac_ct_OBJDUMP=objdump
ac_cv_prog_ac_ct_RANLIB=ranlib
ac_cv_prog_ac_ct_STRIP=strip
ac_cv_prog_cc_c89=
ac_cv_prog_cc_g=yes
ac_cv_prog_make_make_set=yes
ac_cv_sys_file_offset_bits=no
ac_cv_sys_largefile_CC=no
am_cv_CC_dependencies_compiler_type=gcc3
lt_cv_ar_at_file=no
lt_cv_archive_cmds_need_lc=yes
lt_cv_deplibs_check_method='match_pattern /lib[^/]+(\.so\.[0-9]+\.[0-9]+|\.so|_pic\.a)$'
lt_cv_file_magic_cmd='$MAGIC_CMD'
lt_cv_file_magic_test_file=
lt_cv_ld_reload_flag=-r
lt_cv_nm_interface='BSD nm'
lt_cv_objdir=.libs
lt_cv_path_LD=/usr/bin/ld
lt_cv_path_NM='/usr/bin/nm -B'
lt_cv_path_mainfest_tool=no
lt_cv_prog_compiler_c_o=yes
lt_cv_prog_compiler_pic='-fPIC -DPIC'
lt_cv_prog_compiler_pic_works=yes
lt_cv_prog_compiler_rtti_exceptions=no
lt_cv_prog_compiler_static_works=yes
lt_cv_prog_gnu_ld=yes
lt_cv_sharedlib_from_linklib_cmd='print -r --'
lt_cv_sys_global_symbol_pipe='sed -n -e '\''s/^.*[	 ]\([BCDEGRST][BCDEGRST]*\)[	 ][	 ]*\([_A-Za-z][_A-Za-z0-9]*\)$/\1 \2 \2/p'\'' | sed '\''/ __gnu_lto/d'\'
lt_cv_sys_global_symbol_to_c_name_address='sed -n -e '\''s/^: \([^ ]*\)[ ]*$/  {\"\1\", (void *) 0},/p'\'' -e '\''s/^[BCDEGRST]* \([^ ]*\) \([^ ]*\)$/  {"\2", (void *) \&\2},/p'\'
lt_cv_sys_global_symbol_to_c_name_address_lib_prefix='sed -n -e '\''s/^: \([^ ]*\)[ ]*$/  {\"\1\", (void *) 0},/p'\'' -e '\''s/^[BCDEGRST]* \([^ ]*\) \(lib[^ ]*\)$/  {"\2", (void *) \&\2},/p'\'' -e '\''s/^[BCDEGRST]* \([^ ]*\) \([^ ]*\)$/  {"lib\2", (void *) \&\2},/p'\'
lt_cv_sys_global_symbol_to_cdecl='sed -n -e '\''s/^T .* \(.*\)$/extern int \1();/p'\'' -e '\''s/^[BCDEGRST]* .* \(.*\)$/extern char \1;/p'\'
lt_cv_sys_max_cmd_len=196608
lt_cv_to_host_file_cmd=func_convert_file_noop
lt_cv_to_tool_file_cmd=func_convert_file_noop
pkg_cv_GLIB2_CFLAGS='-I/usr/local/include/glib-2.0 -I/usr/local/lib/glib-2.0/include -I/usr/local/include'
pkg_cv_GLIB2_LIBS='-L/usr/local/lib -lglib-2.0 -lintl -liconv'
pkg_cv_GOBJECT_CFLAGS='-I/usr/local/include/glib-2.0 -I/usr/local/lib/glib-2.0/include -I/usr/local/include'
pkg_cv_GOBJECT_LIBS='-L/usr/local/lib -lgobject-2.0 -lglib-2.0 -lintl -liconv'

## ----------------- ##
## Output variables. ##
## ----------------- ##

ACLOCAL='${SHELL} /home/forth/projets/seafile-1.7.0/missing --run aclocal-1.11'
ALL_LINGUAS=''
AMDEPBACKSLASH='\'
AMDEP_FALSE='#'
AMDEP_TRUE=''
AMTAR='$${TAR-tar}'
AM_DEFAULT_VERBOSITY=''
APP_INDICATOR_CFLAGS=''
APP_INDICATOR_LIBS=''
AR='ar'
AUTOCONF='${SHELL} /home/forth/projets/seafile-1.7.0/missing --run autoconf'
AUTOHEADER='${SHELL} /home/forth/projets/seafile-1.7.0/missing --run autoheader'
AUTOMAKE='${SHELL} /home/forth/projets/seafile-1.7.0/missing --run automake-1.11'
AWK='awk'
CATALOGS=''
CATOBJEXT=''
CC='gcc'
CCDEPMODE='depmode=gcc3'
CCNET_CFLAGS=''
CCNET_LIBS=''
CFLAGS='-I/usr/local/include'
COMPILE_CEPH_FALSE=''
COMPILE_CEPH_TRUE='#'
COMPILE_CLIENT_FALSE='#'
COMPILE_CLIENT_TRUE=''
COMPILE_CLI_FALSE='#'
COMPILE_CLI_TRUE=''
COMPILE_GUI_FALSE='#'
COMPILE_GUI_TRUE=''
COMPILE_MYSQL_FALSE='#'
COMPILE_MYSQL_TRUE=''
COMPILE_PGSQL_FALSE=''
COMPILE_PGSQL_TRUE='#'
COMPILE_PYTHON_FALSE='#'
COMPILE_PYTHON_TRUE=''
COMPILE_RIAK_FALSE=''
COMPILE_RIAK_TRUE='#'
COMPILE_SERVER_FALSE=''
COMPILE_SERVER_TRUE='#'
COMPILE_TOOLS_FALSE='#'
COMPILE_TOOLS_TRUE=''
CONSOLE=''
CPP='gcc -E'
CPPFLAGS=''
CURL_CFLAGS=''
CURL_LIBS=''
CYGPATH_W='echo'
DATADIRNAME=''
DEFS=''
DEPDIR='.deps'
DLLTOOL='false'
DSYMUTIL=''
DUMPBIN=''
ECHO_C=''
ECHO_N='-n'
ECHO_T=''
EGREP='/usr/bin/grep -E'
EXEEXT=''
FGREP='/usr/bin/grep -F'
GETTEXT_PACKAGE=''
GLIB2_CFLAGS='-I/usr/local/include/glib-2.0 -I/usr/local/lib/glib-2.0/include -I/usr/local/include'
GLIB2_LIBS='-L/usr/local/lib -lglib-2.0 -lintl -liconv'
GMOFILES=''
GMSGFMT=''
GOBJECT_CFLAGS='-I/usr/local/include/glib-2.0 -I/usr/local/lib/glib-2.0/include -I/usr/local/include'
GOBJECT_LIBS='-L/usr/local/lib -lgobject-2.0 -lglib-2.0 -lintl -liconv'
GREP='/usr/bin/grep'
GTK_CFLAGS=''
GTK_LIBS=''
HAVE_APP_INDICATOR_FALSE=''
HAVE_APP_INDICATOR_TRUE=''
INSTALL_DATA='${INSTALL} -m 644'
INSTALL_PROGRAM='${INSTALL}'
INSTALL_SCRIPT='${INSTALL}'
INSTALL_STRIP_PROGRAM='$(install_sh) -c -s'
INSTOBJEXT=''
INTLLIBS=''
INTLTOOL_CAVES_RULE=''
INTLTOOL_DESKTOP_RULE=''
INTLTOOL_DIRECTORY_RULE=''
INTLTOOL_EXTRACT=''
INTLTOOL_KBD_RULE=''
INTLTOOL_KEYS_RULE=''
INTLTOOL_MERGE=''
INTLTOOL_OAF_RULE=''
INTLTOOL_PERL=''
INTLTOOL_POLICY_RULE=''
INTLTOOL_PONG_RULE=''
INTLTOOL_PROP_RULE=''
INTLTOOL_SCHEMAS_RULE=''
INTLTOOL_SERVER_RULE=''
INTLTOOL_SERVICE_RULE=''
INTLTOOL_SHEET_RULE=''
INTLTOOL_SOUNDLIST_RULE=''
INTLTOOL_THEME_RULE=''
INTLTOOL_UI_RULE=''
INTLTOOL_UPDATE=''
INTLTOOL_V_MERGE=''
INTLTOOL_V_MERGE_OPTIONS=''
INTLTOOL_XAM_RULE=''
INTLTOOL_XML_NOMERGE_RULE=''
INTLTOOL_XML_RULE=''
INTLTOOL__v_MERGE_0=''
INTLTOOL__v_MERGE_=''
LD='/usr/bin/ld'
LDFLAGS='-L/usr/local/lib'
LIBARCHIVE_CFLAGS=''
LIBARCHIVE_LIBS=''
LIBNOTIFY7_CFLAGS=''
LIBNOTIFY7_LIBS=''
LIBNOTIFY_CFLAGS=''
LIBNOTIFY_LIBS=''
LIBOBJS=''
LIBS=''
LIBTOOL='$(SHELL) $(top_builddir)/libtool'
LIBTOOL_DEPS='./ltmain.sh'
LIB_GDI32=''
LIB_INTL=''
LIB_IPHLPAPI=''
LIB_PSAPI=''
LIB_RESOLV='-lresolv'
LIB_RT=''
LIB_SHELL32=''
LIB_UUID='-le2fs-uuid'
LIB_WS32=''
LINUX_FALSE='#'
LINUX_TRUE=''
LIPO=''
LN_S='ln -s'
LTLIBOBJS=''
MACOS_FALSE=''
MACOS_TRUE='#'
MAKEINFO='${SHELL} /home/forth/projets/seafile-1.7.0/missing --run makeinfo'
MANIFEST_TOOL=':'
MKDIR_P='./install-sh -c -d'
MKINSTALLDIRS=''
MSGFMT=''
MSGMERGE=''
MSVC_CFLAGS=''
MYSQL_CFLAGS=''
MYSQL_LIBS=''
NM='/usr/bin/nm -B'
NMEDIT=''
OBJDUMP='objdump'
OBJEXT='o'
OTOOL64=''
OTOOL=''
PACKAGE='seafile'
PACKAGE_BUGREPORT='freeplant@gmail.com'
PACKAGE_NAME='seafile'
PACKAGE_STRING='seafile 1.7.0'
PACKAGE_TARNAME='seafile'
PACKAGE_URL=''
PACKAGE_VERSION='1.7.0'
PATH_SEPARATOR=':'
PGSQL_CFLAGS=''
PGSQL_LIBS=''
PKG_CONFIG='/usr/bin/pkg-config'
PKG_CONFIG_LIBDIR=''
PKG_CONFIG_PATH=''
POFILES=''
POSUB=''
PO_IN_DATADIR_FALSE=''
PO_IN_DATADIR_TRUE=''
PYTHON=''
PYTHON_EXEC_PREFIX=''
PYTHON_PLATFORM=''
PYTHON_PREFIX=''
PYTHON_VERSION=''
RADOS_LIBS=''
RANLIB='ranlib'
SEARPC_CFLAGS=''
SEARPC_LIBS=''
SED='/usr/bin/sed'
SERVER_ONLY_FALSE=''
SERVER_ONLY_TRUE='#'
SERVER_PKG_PY_RPATH=''
SERVER_PKG_RPATH=''
SET_MAKE=''
SHELL='/bin/sh'
STATIC_COMPILE=''
STRIP='strip'
USE_NLS=''
VERSION='1.7.0'
WIN32_FALSE=''
WIN32_TRUE='#'
XGETTEXT=''
ZDB_CFLAGS=''
ZDB_LIBS=''
ac_ct_AR='ar'
ac_ct_CC='gcc'
ac_ct_DUMPBIN=''
am__EXEEXT_FALSE=''
am__EXEEXT_TRUE=''
am__fastdepCC_FALSE='#'
am__fastdepCC_TRUE=''
am__include='include'
am__isrc=''
am__leading_dot='.'
am__nodep='_no'
am__quote=''
am__tar='$${TAR-tar} chof - "$$tardir"'
am__untar='$${TAR-tar} xf -'
bindir='${exec_prefix}/bin'
build='x86_64-unknown-openbsd5.3'
build_alias=''
build_cpu='x86_64'
build_os='openbsd5.3'
build_vendor='unknown'
datadir='${datarootdir}'
datarootdir='${prefix}/share'
docdir='${datarootdir}/doc/${PACKAGE_TARNAME}'
dvidir='${docdir}'
exec_prefix='NONE'
host='x86_64-unknown-openbsd5.3'
host_alias=''
host_cpu='x86_64'
host_os='openbsd5.3'
host_vendor='unknown'
htmldir='${docdir}'
includedir='${prefix}/include'
infodir='${datarootdir}/info'
install_sh='${SHELL} /home/forth/projets/seafile-1.7.0/install-sh'
intltool__v_merge_options_0=''
intltool__v_merge_options_=''
libdir='${exec_prefix}/lib'
libexecdir='${exec_prefix}/libexec'
localedir='${datarootdir}/locale'
localstatedir='${prefix}/var'
mandir='${datarootdir}/man'
mkdir_p='$(top_builddir)/./install-sh -c -d'
oldincludedir='/usr/include'
pdfdir='${docdir}'
pkgpyexecdir=''
pkgpythondir=''
prefix='NONE'
program_transform_name='s,x,x,'
psdir='${docdir}'
pyexecdir=''
pythondir=''
sbindir='${exec_prefix}/sbin'
seafilelocaledir=''
sharedstatedir='${prefix}/com'
sysconfdir='${prefix}/etc'
target_alias=''

## ----------- ##
## confdefs.h. ##
## ----------- ##

/* confdefs.h */
#define PACKAGE_NAME "seafile"
#define PACKAGE_TARNAME "seafile"
#define PACKAGE_VERSION "1.7.0"
#define PACKAGE_STRING "seafile 1.7.0"
#define PACKAGE_BUGREPORT "freeplant@gmail.com"
#define PACKAGE_URL ""
#define PACKAGE "seafile"
#define VERSION "1.7.0"
#define STDC_HEADERS 1
#define HAVE_SYS_TYPES_H 1
#define HAVE_SYS_STAT_H 1
#define HAVE_STDLIB_H 1
#define HAVE_STRING_H 1
#define HAVE_MEMORY_H 1
#define HAVE_STRINGS_H 1
#define HAVE_INTTYPES_H 1
#define HAVE_STDINT_H 1
#define HAVE_UNISTD_H 1
#define HAVE_DLFCN_H 1
#define LT_OBJDIR ".libs/"

configure: exit 1
