This file contains any messages produced by compilers while
running configure, to aid debugging if configure makes a mistake.

It was created by libsearpc configure 1.1.0, which was
generated by GNU Autoconf 2.68.  Invocation command line was

  $ ./configure --prefix=/opt

## --------- ##
## Platform. ##
## --------- ##

hostname = fx.CCDIOIS.local
uname -m = amd64
uname -r = 5.3
uname -s = OpenBSD
uname -v = GENERIC.MP#62

/usr/bin/uname -p = amd64
/bin/uname -X     = unknown

/bin/arch              = unknown
/usr/bin/arch -k       = OpenBSD.amd64
/usr/convex/getsysinfo = unknown
/usr/bin/hostinfo      = unknown
/bin/machine           = unknown
/usr/bin/oslevel       = unknown
/bin/universe          = unknown

PATH: /bin
PATH: /usr/bin
PATH: /sbin
PATH: /usr/sbin
PATH: /usr/X11R6/bin
PATH: /usr/local/bin
PATH: /usr/local/sbin


## ----------- ##
## Core tests. ##
## ----------- ##

configure:2181: checking for a BSD-compatible install
configure:2249: result: /usr/bin/install -c
configure:2260: checking whether build environment is sane
configure:2310: result: yes
configure:2451: checking for a thread-safe mkdir -p
configure:2490: result: ./install-sh -c -d
configure:2503: checking for gawk
configure:2533: result: no
configure:2503: checking for mawk
configure:2533: result: no
configure:2503: checking for nawk
configure:2533: result: no
configure:2503: checking for awk
configure:2519: found /usr/bin/awk
configure:2530: result: awk
configure:2541: checking whether make sets $(MAKE)
configure:2563: result: yes
configure:2647: checking build system type
configure:2661: result: x86_64-unknown-openbsd5.3
configure:2681: checking host system type
configure:2694: result: x86_64-unknown-openbsd5.3
configure:2769: checking for gcc
configure:2785: found /usr/bin/gcc
configure:2796: result: gcc
configure:3025: checking for C compiler version
configure:3034: gcc --version >&5
gcc (GCC) 4.2.1 20070719 
Copyright (C) 2007 Free Software Foundation, Inc.
This is free software; see the source for copying conditions.  There is NO
warranty; not even for MERCHANTABILITY or FITNESS FOR A PARTICULAR PURPOSE.

configure:3045: $? = 0
configure:3034: gcc -v >&5
Reading specs from /usr/lib/gcc-lib/amd64-unknown-openbsd5.3/4.2.1/specs
Target: amd64-unknown-openbsd5.3
Configured with: OpenBSD/amd64 system compiler
Thread model: posix
gcc version 4.2.1 20070719 
configure:3045: $? = 0
configure:3034: gcc -V >&5
gcc: '-V' option must have argument
configure:3045: $? = 1
configure:3034: gcc -qversion >&5
gcc: unrecognized option '-qversion'
gcc: no input files
configure:3045: $? = 1
configure:3065: checking whether the C compiler works
configure:3087: gcc -I/usr/local/include  -L/usr/local/lib conftest.c  >&5
configure:3091: $? = 0
configure:3139: result: yes
configure:3142: checking for C compiler default output file name
configure:3144: result: a.out
configure:3150: checking for suffix of executables
configure:3157: gcc -o conftest -I/usr/local/include  -L/usr/local/lib conftest.c  >&5
configure:3161: $? = 0
configure:3183: result: 
configure:3205: checking whether we are cross compiling
configure:3213: gcc -o conftest -I/usr/local/include  -L/usr/local/lib conftest.c  >&5
configure:3217: $? = 0
configure:3224: ./conftest
configure:3228: $? = 0
configure:3243: result: no
configure:3248: checking for suffix of object files
configure:3270: gcc -c -I/usr/local/include  conftest.c >&5
configure:3274: $? = 0
configure:3295: result: o
configure:3299: checking whether we are using the GNU C compiler
configure:3318: gcc -c -I/usr/local/include  conftest.c >&5
configure:3318: $? = 0
configure:3327: result: yes
configure:3336: checking whether gcc accepts -g
configure:3356: gcc -c -g  conftest.c >&5
configure:3356: $? = 0
configure:3397: result: yes
configure:3414: checking for gcc option to accept ISO C89
configure:3478: gcc  -c -I/usr/local/include  conftest.c >&5
configure:3478: $? = 0
configure:3491: result: none needed
configure:3522: checking for style of include used by make
configure:3550: result: GNU
configure:3576: checking dependency style of gcc
configure:3687: result: gcc3
configure:3748: checking how to print strings
configure:3777: result: print -r
configure:3796: checking for a sed that does not truncate output
configure:3860: result: /usr/bin/sed
configure:3878: checking for grep that handles long lines and -e
configure:3936: result: /usr/bin/grep
configure:3941: checking for egrep
configure:4003: result: /usr/bin/grep -E
configure:4008: checking for fgrep
configure:4070: result: /usr/bin/grep -F
configure:4105: checking for ld used by gcc
configure:4172: result: /usr/bin/ld
configure:4179: checking if the linker (/usr/bin/ld) is GNU ld
configure:4194: result: yes
configure:4206: checking for BSD- or MS-compatible name lister (nm)
configure:4255: result: /usr/bin/nm -B
configure:4385: checking the name lister (/usr/bin/nm -B) interface
configure:4392: gcc -c -I/usr/local/include  conftest.c >&5
configure:4395: /usr/bin/nm -B "conftest.o"
configure:4398: output
00000000 F conftest.c
00000000 D some_variable
configure:4405: result: BSD nm
configure:4408: checking whether ln -s works
configure:4412: result: yes
configure:4420: checking the maximum length of command line arguments
configure:4550: result: 196608
configure:4567: checking whether the shell understands some XSI constructs
configure:4577: result: yes
configure:4581: checking whether the shell understands "+="
configure:4587: result: no
configure:4622: checking how to convert x86_64-unknown-openbsd5.3 file names to x86_64-unknown-openbsd5.3 format
configure:4662: result: func_convert_file_noop
configure:4669: checking how to convert x86_64-unknown-openbsd5.3 file names to toolchain format
configure:4689: result: func_convert_file_noop
configure:4696: checking for /usr/bin/ld option to reload object files
configure:4703: result: -r
configure:4777: checking for objdump
configure:4793: found /usr/bin/objdump
configure:4804: result: objdump
configure:4836: checking how to recognize dependent libraries
configure:5038: result: match_pattern /lib[^/]+(\.so\.[0-9]+\.[0-9]+|\.so|_pic\.a)$
configure:5123: checking for dlltool
configure:5153: result: no
configure:5183: checking how to associate runtime and link libraries
configure:5210: result: print -r --
configure:5271: checking for ar
configure:5287: found /usr/bin/ar
configure:5298: result: ar
configure:5335: checking for archiver @FILE support
configure:5352: gcc -c -I/usr/local/include  conftest.c >&5
configure:5352: $? = 0
configure:5355: ar cru libconftest.a @conftest.lst >&5
ar: '@conftest.lst': No such file
configure:5358: $? = 0
configure:5363: ar cru libconftest.a @conftest.lst >&5
ar: '@conftest.lst': No such file
configure:5366: $? = 0
configure:5378: result: no
configure:5436: checking for strip
configure:5452: found /usr/bin/strip
configure:5463: result: strip
configure:5535: checking for ranlib
configure:5551: found /usr/bin/ranlib
configure:5562: result: ranlib
configure:5664: checking command to parse /usr/bin/nm -B output from gcc object
configure:5784: gcc -c -I/usr/local/include  conftest.c >&5
configure:5787: $? = 0
configure:5791: /usr/bin/nm -B conftest.o \| sed -n -e 's/^.*[ ]\([BCDEGRST][BCDEGRST]*\)[ ][ ]*\([_A-Za-z][_A-Za-z0-9]*\)$/\1 \2 \2/p' | sed '/ __gnu_lto/d' \> conftest.nm
configure:5794: $? = 0
configure:5860: gcc -o conftest -I/usr/local/include  -L/usr/local/lib conftest.c conftstm.o >&5
configure:5863: $? = 0
configure:5901: result: ok
configure:5938: checking for sysroot
configure:5968: result: no
configure:6224: checking for mt
configure:6240: found /bin/mt
configure:6251: result: mt
configure:6274: checking if mt is a manifest tool
configure:6280: mt '-?'
mt: unknown option -- ?
usage: mt [-f device] command [count]
configure:6288: result: no
configure:6930: checking how to run the C preprocessor
configure:6961: gcc -E  conftest.c
configure:6961: $? = 0
configure:6975: gcc -E  conftest.c
conftest.c:11:28: error: ac_nonexistent.h: No such file or directory
configure:6975: $? = 1
configure: failed program was:
| /* confdefs.h */
| #define PACKAGE_NAME "libsearpc"
| #define PACKAGE_TARNAME "libsearpc"
| #define PACKAGE_VERSION "1.1.0"
| #define PACKAGE_STRING "libsearpc 1.1.0"
| #define PACKAGE_BUGREPORT "freeplant@gmail.com"
| #define PACKAGE_URL ""
| #define PACKAGE "libsearpc"
| #define VERSION "1.1.0"
| /* end confdefs.h.  */
| #include <ac_nonexistent.h>
configure:7000: result: gcc -E
configure:7020: gcc -E  conftest.c
configure:7020: $? = 0
configure:7034: gcc -E  conftest.c
conftest.c:11:28: error: ac_nonexistent.h: No such file or directory
configure:7034: $? = 1
configure: failed program was:
| /* confdefs.h */
| #define PACKAGE_NAME "libsearpc"
| #define PACKAGE_TARNAME "libsearpc"
| #define PACKAGE_VERSION "1.1.0"
| #define PACKAGE_STRING "libsearpc 1.1.0"
| #define PACKAGE_BUGREPORT "freeplant@gmail.com"
| #define PACKAGE_URL ""
| #define PACKAGE "libsearpc"
| #define VERSION "1.1.0"
| /* end confdefs.h.  */
| #include <ac_nonexistent.h>
configure:7063: checking for ANSI C header files
configure:7083: gcc -c -I/usr/local/include  conftest.c >&5
configure:7083: $? = 0
configure:7156: gcc -o conftest -I/usr/local/include  -L/usr/local/lib conftest.c  >&5
configure:7156: $? = 0
configure:7156: ./conftest
configure:7156: $? = 0
configure:7167: result: yes
configure:7180: checking for sys/types.h
configure:7180: gcc -c -I/usr/local/include  conftest.c >&5
configure:7180: $? = 0
configure:7180: result: yes
configure:7180: checking for sys/stat.h
configure:7180: gcc -c -I/usr/local/include  conftest.c >&5
configure:7180: $? = 0
configure:7180: result: yes
configure:7180: checking for stdlib.h
configure:7180: gcc -c -I/usr/local/include  conftest.c >&5
configure:7180: $? = 0
configure:7180: result: yes
configure:7180: checking for string.h
configure:7180: gcc -c -I/usr/local/include  conftest.c >&5
configure:7180: $? = 0
configure:7180: result: yes
configure:7180: checking for memory.h
configure:7180: gcc -c -I/usr/local/include  conftest.c >&5
configure:7180: $? = 0
configure:7180: result: yes
configure:7180: checking for strings.h
configure:7180: gcc -c -I/usr/local/include  conftest.c >&5
configure:7180: $? = 0
configure:7180: result: yes
configure:7180: checking for inttypes.h
configure:7180: gcc -c -I/usr/local/include  conftest.c >&5
configure:7180: $? = 0
configure:7180: result: yes
configure:7180: checking for stdint.h
configure:7180: gcc -c -I/usr/local/include  conftest.c >&5
configure:7180: $? = 0
configure:7180: result: yes
configure:7180: checking for unistd.h
configure:7180: gcc -c -I/usr/local/include  conftest.c >&5
configure:7180: $? = 0
configure:7180: result: yes
configure:7194: checking for dlfcn.h
configure:7194: gcc -c -I/usr/local/include  conftest.c >&5
configure:7194: $? = 0
configure:7194: result: yes
configure:7400: checking for objdir
configure:7415: result: .libs
configure:7686: checking if gcc supports -fno-rtti -fno-exceptions
configure:7704: gcc -c -I/usr/local/include  -fno-rtti -fno-exceptions conftest.c >&5
cc1: warning: command line option "-fno-rtti" is valid for C++/ObjC++ but not for C
configure:7708: $? = 0
configure:7721: result: no
configure:8048: checking for gcc option to produce PIC
configure:8055: result: -fPIC -DPIC
configure:8063: checking if gcc PIC flag -fPIC -DPIC works
configure:8081: gcc -c -I/usr/local/include  -fPIC -DPIC -DPIC conftest.c >&5
configure:8085: $? = 0
configure:8098: result: yes
configure:8127: checking if gcc static flag -static works
configure:8155: result: yes
configure:8170: checking if gcc supports -c -o file.o
configure:8191: gcc -c -I/usr/local/include  -o out/conftest2.o conftest.c >&5
configure:8195: $? = 0
configure:8217: result: yes
configure:8225: checking if gcc supports -c -o file.o
configure:8272: result: yes
configure:8305: checking whether the gcc linker (/usr/bin/ld) supports shared libraries
configure:9462: result: yes
configure:9499: checking whether -lc should be explicitly linked in
configure:9507: gcc -c -I/usr/local/include  conftest.c >&5
configure:9510: $? = 0
configure:9525: gcc -shared  -fPIC -DPIC -o conftest conftest.o  -v 2\>\&1 \| /usr/bin/grep  -lc  \>/dev/null 2\>\&1
configure:9528: $? = 1
configure:9542: result: yes
configure:9702: checking dynamic linker characteristics
configure:10447: result: openbsd5.3 ld.so
configure:10554: checking how to hardcode library paths into programs
configure:10579: result: immediate
configure:11119: checking whether stripping libraries is possible
configure:11124: result: yes
configure:11159: checking if libtool supports shared libraries
configure:11161: result: yes
configure:11164: checking whether to build shared libraries
configure:11185: result: yes
configure:11188: checking whether to build static libraries
configure:11192: result: yes
configure:11271: checking for WIN32
configure:11292: checking for Mac
configure:11374: checking for pkg-config
configure:11392: found /usr/bin/pkg-config
configure:11404: result: /usr/bin/pkg-config
configure:11429: checking pkg-config is at least version 0.9.0
configure:11432: result: yes
configure:11442: checking for GLIB
configure:11449: $PKG_CONFIG --exists --print-errors "gobject-2.0 >= $GLIB_REQUIRED"
configure:11452: $? = 0
configure:11466: $PKG_CONFIG --exists --print-errors "gobject-2.0 >= $GLIB_REQUIRED"
configure:11469: $? = 0
configure:11527: result: yes
configure:11568: checking for a Python interpreter with version >= 2.4
configure:11585: python -c import sys # split strings by '.' and convert to numeric. Append some zeros # because we need at least 4 digits for the hex conversion. # map returns an iterator in Python 3.0 and a list in 2.x minver = list(map(int, '2.4'.split('.'))) + [0, 0, 0] minverhex = 0 # xrange is not present in Python 3.0 and range returns an iterator for i in list(range(0, 4)): minverhex = (minverhex << 8) + minver[i] sys.exit(sys.hexversion < minverhex)
./configure[11642]: python: not found
configure:11588: $? = 127
configure:11585: python2 -c import sys # split strings by '.' and convert to numeric. Append some zeros # because we need at least 4 digits for the hex conversion. # map returns an iterator in Python 3.0 and a list in 2.x minver = list(map(int, '2.4'.split('.'))) + [0, 0, 0] minverhex = 0 # xrange is not present in Python 3.0 and range returns an iterator for i in list(range(0, 4)): minverhex = (minverhex << 8) + minver[i] sys.exit(sys.hexversion < minverhex)
./configure[11642]: python2: not found
configure:11588: $? = 127
configure:11585: python3 -c import sys # split strings by '.' and convert to numeric. Append some zeros # because we need at least 4 digits for the hex conversion. # map returns an iterator in Python 3.0 and a list in 2.x minver = list(map(int, '2.4'.split('.'))) + [0, 0, 0] minverhex = 0 # xrange is not present in Python 3.0 and range returns an iterator for i in list(range(0, 4)): minverhex = (minverhex << 8) + minver[i] sys.exit(sys.hexversion < minverhex)
./configure[11642]: python3: not found
configure:11588: $? = 127
configure:11585: python3.2 -c import sys # split strings by '.' and convert to numeric. Append some zeros # because we need at least 4 digits for the hex conversion. # map returns an iterator in Python 3.0 and a list in 2.x minver = list(map(int, '2.4'.split('.'))) + [0, 0, 0] minverhex = 0 # xrange is not present in Python 3.0 and range returns an iterator for i in list(range(0, 4)): minverhex = (minverhex << 8) + minver[i] sys.exit(sys.hexversion < minverhex)
./configure[11642]: python3.2: not found
configure:11588: $? = 127
configure:11585: python3.1 -c import sys # split strings by '.' and convert to numeric. Append some zeros # because we need at least 4 digits for the hex conversion. # map returns an iterator in Python 3.0 and a list in 2.x minver = list(map(int, '2.4'.split('.'))) + [0, 0, 0] minverhex = 0 # xrange is not present in Python 3.0 and range returns an iterator for i in list(range(0, 4)): minverhex = (minverhex << 8) + minver[i] sys.exit(sys.hexversion < minverhex)
./configure[11642]: python3.1: not found
configure:11588: $? = 127
configure:11585: python3.0 -c import sys # split strings by '.' and convert to numeric. Append some zeros # because we need at least 4 digits for the hex conversion. # map returns an iterator in Python 3.0 and a list in 2.x minver = list(map(int, '2.4'.split('.'))) + [0, 0, 0] minverhex = 0 # xrange is not present in Python 3.0 and range returns an iterator for i in list(range(0, 4)): minverhex = (minverhex << 8) + minver[i] sys.exit(sys.hexversion < minverhex)
./configure[11642]: python3.0: not found
configure:11588: $? = 127
configure:11585: python2.7 -c import sys # split strings by '.' and convert to numeric. Append some zeros # because we need at least 4 digits for the hex conversion. # map returns an iterator in Python 3.0 and a list in 2.x minver = list(map(int, '2.4'.split('.'))) + [0, 0, 0] minverhex = 0 # xrange is not present in Python 3.0 and range returns an iterator for i in list(range(0, 4)): minverhex = (minverhex << 8) + minver[i] sys.exit(sys.hexversion < minverhex)
configure:11588: $? = 0
configure:11594: result: python2.7
configure:11602: checking for python2.7
configure:11620: found /usr/local/bin/python2.7
configure:11632: result: /usr/local/bin/python2.7
configure:11650: checking for python2.7 version
configure:11657: result: 2.7
configure:11669: checking for python2.7 platform
configure:11676: result: openbsd5
configure:11683: checking for python2.7 script directory
configure:11711: result: ${prefix}/lib/python2.7/site-packages
configure:11720: checking for python2.7 extension module directory
configure:11748: result: ${exec_prefix}/lib/python2.7/site-packages
configure:11920: creating ./config.status

## ---------------------- ##
## Running config.status. ##
## ---------------------- ##

This file was extended by libsearpc config.status 1.1.0, which was
generated by GNU Autoconf 2.68.  Invocation command line was

  CONFIG_FILES    = 
  CONFIG_HEADERS  = 
  CONFIG_LINKS    = 
  CONFIG_COMMANDS = 
  $ ./config.status 

on fx.CCDIOIS.local

config.status:1114: creating Makefile
config.status:1114: creating lib/Makefile
config.status:1114: creating demo/Makefile
config.status:1114: creating pysearpc/Makefile
config.status:1114: creating libsearpc.pc
config.status:1114: creating tests/Makefile
config.status:1114: creating config.h
config.status:1343: executing depfiles commands
config.status:1343: executing libtool commands
configure:14229: === configuring in json-glib (/home/forth/projets/seafile-1.7.0/libsearpc/json-glib)
configure:14292: running /bin/sh ./configure --disable-option-checking '--prefix=/opt'  'CFLAGS=-I/usr/local/include' 'LDFLAGS=-L/usr/local/lib' --cache-file=/dev/null --srcdir=.

## ---------------- ##
## Cache variables. ##
## ---------------- ##

ac_cv_build=x86_64-unknown-openbsd5.3
ac_cv_c_compiler_gnu=yes
ac_cv_env_CC_set=
ac_cv_env_CC_value=
ac_cv_env_CFLAGS_set=set
ac_cv_env_CFLAGS_value=-I/usr/local/include
ac_cv_env_CPPFLAGS_set=
ac_cv_env_CPPFLAGS_value=
ac_cv_env_CPP_set=
ac_cv_env_CPP_value=
ac_cv_env_GLIB_CFLAGS_set=
ac_cv_env_GLIB_CFLAGS_value=
ac_cv_env_GLIB_LIBS_set=
ac_cv_env_GLIB_LIBS_value=
ac_cv_env_LDFLAGS_set=set
ac_cv_env_LDFLAGS_value=-L/usr/local/lib
ac_cv_env_LIBS_set=
ac_cv_env_LIBS_value=
ac_cv_env_PKG_CONFIG_LIBDIR_set=
ac_cv_env_PKG_CONFIG_LIBDIR_value=
ac_cv_env_PKG_CONFIG_PATH_set=
ac_cv_env_PKG_CONFIG_PATH_value=
ac_cv_env_PKG_CONFIG_set=
ac_cv_env_PKG_CONFIG_value=
ac_cv_env_PYTHON_set=
ac_cv_env_PYTHON_value=
ac_cv_env_build_alias_set=
ac_cv_env_build_alias_value=
ac_cv_env_host_alias_set=
ac_cv_env_host_alias_value=
ac_cv_env_target_alias_set=
ac_cv_env_target_alias_value=
ac_cv_header_dlfcn_h=yes
ac_cv_header_inttypes_h=yes
ac_cv_header_memory_h=yes
ac_cv_header_stdc=yes
ac_cv_header_stdint_h=yes
ac_cv_header_stdlib_h=yes
ac_cv_header_string_h=yes
ac_cv_header_strings_h=yes
ac_cv_header_sys_stat_h=yes
ac_cv_header_sys_types_h=yes
ac_cv_header_unistd_h=yes
ac_cv_host=x86_64-unknown-openbsd5.3
ac_cv_objext=o
ac_cv_path_EGREP='/usr/bin/grep -E'
ac_cv_path_FGREP='/usr/bin/grep -F'
ac_cv_path_GREP=/usr/bin/grep
ac_cv_path_PYTHON=/usr/local/bin/python2.7
ac_cv_path_SED=/usr/bin/sed
ac_cv_path_ac_pt_PKG_CONFIG=/usr/bin/pkg-config
ac_cv_path_install='/usr/bin/install -c'
ac_cv_prog_AWK=awk
ac_cv_prog_CPP='gcc -E'
ac_cv_prog_ac_ct_AR=ar
ac_cv_prog_ac_ct_CC=gcc
ac_cv_prog_ac_ct_MANIFEST_TOOL=mt
ac_cv_prog_ac_ct_OBJDUMP=objdump
ac_cv_prog_ac_ct_RANLIB=ranlib
ac_cv_prog_ac_ct_STRIP=strip
ac_cv_prog_cc_c89=
ac_cv_prog_cc_g=yes
ac_cv_prog_make_make_set=yes
am_cv_CC_dependencies_compiler_type=gcc3
am_cv_pathless_PYTHON=python2.7
am_cv_python_platform=openbsd5
am_cv_python_pyexecdir='${exec_prefix}/lib/python2.7/site-packages'
am_cv_python_pythondir='${prefix}/lib/python2.7/site-packages'
am_cv_python_version=2.7
lt_cv_ar_at_file=no
lt_cv_archive_cmds_need_lc=yes
lt_cv_deplibs_check_method='match_pattern /lib[^/]+(\.so\.[0-9]+\.[0-9]+|\.so|_pic\.a)$'
lt_cv_file_magic_cmd='$MAGIC_CMD'
lt_cv_file_magic_test_file=
lt_cv_ld_reload_flag=-r
lt_cv_nm_interface='BSD nm'
lt_cv_objdir=.libs
lt_cv_path_LD=/usr/bin/ld
lt_cv_path_NM='/usr/bin/nm -B'
lt_cv_path_mainfest_tool=no
lt_cv_prog_compiler_c_o=yes
lt_cv_prog_compiler_pic='-fPIC -DPIC'
lt_cv_prog_compiler_pic_works=yes
lt_cv_prog_compiler_rtti_exceptions=no
lt_cv_prog_compiler_static_works=yes
lt_cv_prog_gnu_ld=yes
lt_cv_sharedlib_from_linklib_cmd='print -r --'
lt_cv_sys_global_symbol_pipe='sed -n -e '\''s/^.*[	 ]\([BCDEGRST][BCDEGRST]*\)[	 ][	 ]*\([_A-Za-z][_A-Za-z0-9]*\)$/\1 \2 \2/p'\'' | sed '\''/ __gnu_lto/d'\'
lt_cv_sys_global_symbol_to_c_name_address='sed -n -e '\''s/^: \([^ ]*\)[ ]*$/  {\"\1\", (void *) 0},/p'\'' -e '\''s/^[BCDEGRST]* \([^ ]*\) \([^ ]*\)$/  {"\2", (void *) \&\2},/p'\'
lt_cv_sys_global_symbol_to_c_name_address_lib_prefix='sed -n -e '\''s/^: \([^ ]*\)[ ]*$/  {\"\1\", (void *) 0},/p'\'' -e '\''s/^[BCDEGRST]* \([^ ]*\) \(lib[^ ]*\)$/  {"\2", (void *) \&\2},/p'\'' -e '\''s/^[BCDEGRST]* \([^ ]*\) \([^ ]*\)$/  {"lib\2", (void *) \&\2},/p'\'
lt_cv_sys_global_symbol_to_cdecl='sed -n -e '\''s/^T .* \(.*\)$/extern int \1();/p'\'' -e '\''s/^[BCDEGRST]* .* \(.*\)$/extern char \1;/p'\'
lt_cv_sys_max_cmd_len=196608
lt_cv_to_host_file_cmd=func_convert_file_noop
lt_cv_to_tool_file_cmd=func_convert_file_noop
pkg_cv_GLIB_CFLAGS='-I/usr/local/include/glib-2.0 -I/usr/local/lib/glib-2.0/include -I/usr/local/include'
pkg_cv_GLIB_LIBS='-L/usr/local/lib -lgobject-2.0 -lglib-2.0 -lintl -liconv'

## ----------------- ##
## Output variables. ##
## ----------------- ##

ACLOCAL='${SHELL} /home/forth/projets/seafile-1.7.0/libsearpc/missing --run aclocal-1.11'
AMDEPBACKSLASH='\'
AMDEP_FALSE='#'
AMDEP_TRUE=''
AMTAR='$${TAR-tar}'
AR='ar'
AUTOCONF='${SHELL} /home/forth/projets/seafile-1.7.0/libsearpc/missing --run autoconf'
AUTOHEADER='${SHELL} /home/forth/projets/seafile-1.7.0/libsearpc/missing --run autoheader'
AUTOMAKE='${SHELL} /home/forth/projets/seafile-1.7.0/libsearpc/missing --run automake-1.11'
AWK='awk'
CC='gcc'
CCDEPMODE='depmode=gcc3'
CFLAGS='-I/usr/local/include'
COMPILE_DEMO_FALSE='#'
COMPILE_DEMO_TRUE=''
CPP='gcc -E'
CPPFLAGS=''
CYGPATH_W='echo'
DEFS='-DHAVE_CONFIG_H'
DEPDIR='.deps'
DLLTOOL='false'
DSYMUTIL=''
DUMPBIN=''
ECHO_C=''
ECHO_N='-n'
ECHO_T=''
EGREP='/usr/bin/grep -E'
EXEEXT=''
FGREP='/usr/bin/grep -F'
GLIB_CFLAGS='-I/usr/local/include/glib-2.0 -I/usr/local/lib/glib-2.0/include -I/usr/local/include'
GLIB_LIBS='-L/usr/local/lib -lgobject-2.0 -lglib-2.0 -lintl -liconv'
GREP='/usr/bin/grep'
INSTALL_DATA='${INSTALL} -m 644'
INSTALL_PROGRAM='${INSTALL}'
INSTALL_SCRIPT='${INSTALL}'
INSTALL_STRIP_PROGRAM='$(install_sh) -c -s'
LD='/usr/bin/ld'
LDFLAGS='-L/usr/local/lib'
LIBOBJS=''
LIBS=''
LIBTOOL='$(SHELL) $(top_builddir)/libtool'
LIB_WS32=''
LIPO=''
LN_S='ln -s'
LTLIBOBJS=''
MACOS=''
MACOS_FALSE=''
MACOS_TRUE='#'
MAKEINFO='${SHELL} /home/forth/projets/seafile-1.7.0/libsearpc/missing --run makeinfo'
MANIFEST_TOOL=':'
MKDIR_P='./install-sh -c -d'
NM='/usr/bin/nm -B'
NMEDIT=''
OBJDUMP='objdump'
OBJEXT='o'
OTOOL64=''
OTOOL=''
PACKAGE='libsearpc'
PACKAGE_BUGREPORT='freeplant@gmail.com'
PACKAGE_NAME='libsearpc'
PACKAGE_STRING='libsearpc 1.1.0'
PACKAGE_TARNAME='libsearpc'
PACKAGE_URL=''
PACKAGE_VERSION='1.1.0'
PATH_SEPARATOR=':'
PKG_CONFIG='/usr/bin/pkg-config'
PKG_CONFIG_LIBDIR=''
PKG_CONFIG_PATH=''
PYTHON='/usr/local/bin/python2.7'
PYTHON_EXEC_PREFIX='${exec_prefix}'
PYTHON_PLATFORM='openbsd5'
PYTHON_PREFIX='${prefix}'
PYTHON_VERSION='2.7'
RANLIB='ranlib'
SED='/usr/bin/sed'
SET_MAKE=''
SHELL='/bin/sh'
STRIP='strip'
VERSION='1.1.0'
WIN32=''
WIN32_FALSE=''
WIN32_TRUE='#'
ac_ct_AR='ar'
ac_ct_CC='gcc'
ac_ct_DUMPBIN=''
am__EXEEXT_FALSE=''
am__EXEEXT_TRUE='#'
am__fastdepCC_FALSE='#'
am__fastdepCC_TRUE=''
am__include='include'
am__isrc=''
am__leading_dot='.'
am__nodep='_no'
am__quote=''
am__tar='$${TAR-tar} chof - "$$tardir"'
am__untar='$${TAR-tar} xf -'
bindir='${exec_prefix}/bin'
build='x86_64-unknown-openbsd5.3'
build_alias=''
build_cpu='x86_64'
build_os='openbsd5.3'
build_vendor='unknown'
datadir='${datarootdir}'
datarootdir='${prefix}/share'
docdir='${datarootdir}/doc/${PACKAGE_TARNAME}'
dvidir='${docdir}'
exec_prefix='${prefix}'
host='x86_64-unknown-openbsd5.3'
host_alias=''
host_cpu='x86_64'
host_os='openbsd5.3'
host_vendor='unknown'
htmldir='${docdir}'
includedir='${prefix}/include'
infodir='${datarootdir}/info'
install_sh='${SHELL} /home/forth/projets/seafile-1.7.0/libsearpc/install-sh'
libdir='${exec_prefix}/lib'
libexecdir='${exec_prefix}/libexec'
localedir='${datarootdir}/locale'
localstatedir='${prefix}/var'
mandir='${datarootdir}/man'
mkdir_p='$(top_builddir)/./install-sh -c -d'
oldincludedir='/usr/include'
pdfdir='${docdir}'
pkgpyexecdir='${pyexecdir}/libsearpc'
pkgpythondir='${pythondir}/libsearpc'
prefix='/opt'
program_transform_name='s,x,x,'
psdir='${docdir}'
pyexecdir='${exec_prefix}/lib/python2.7/site-packages'
pythondir='${prefix}/lib/python2.7/site-packages'
sbindir='${exec_prefix}/sbin'
sharedstatedir='${prefix}/com'
subdirs=' json-glib'
sysconfdir='${prefix}/etc'
target_alias=''

## ----------- ##
## confdefs.h. ##
## ----------- ##

/* confdefs.h */
#define PACKAGE_NAME "libsearpc"
#define PACKAGE_TARNAME "libsearpc"
#define PACKAGE_VERSION "1.1.0"
#define PACKAGE_STRING "libsearpc 1.1.0"
#define PACKAGE_BUGREPORT "freeplant@gmail.com"
#define PACKAGE_URL ""
#define PACKAGE "libsearpc"
#define VERSION "1.1.0"
#define STDC_HEADERS 1
#define HAVE_SYS_TYPES_H 1
#define HAVE_SYS_STAT_H 1
#define HAVE_STDLIB_H 1
#define HAVE_STRING_H 1
#define HAVE_MEMORY_H 1
#define HAVE_STRINGS_H 1
#define HAVE_INTTYPES_H 1
#define HAVE_STDINT_H 1
#define HAVE_UNISTD_H 1
#define HAVE_DLFCN_H 1
#define LT_OBJDIR ".libs/"

configure: exit 0
