This file contains any messages produced by compilers while
running configure, to aid debugging if configure makes a mistake.

It was created by ccnet configure 1.3.4, which was
generated by GNU Autoconf 2.68.  Invocation command line was

  $ ./configure --prefix=/opt

## --------- ##
## Platform. ##
## --------- ##

hostname = fx.CCDIOIS.local
uname -m = amd64
uname -r = 5.3
uname -s = OpenBSD
uname -v = GENERIC.MP#62

/usr/bin/uname -p = amd64
/bin/uname -X     = unknown

/bin/arch              = unknown
/usr/bin/arch -k       = OpenBSD.amd64
/usr/convex/getsysinfo = unknown
/usr/bin/hostinfo      = unknown
/bin/machine           = unknown
/usr/bin/oslevel       = unknown
/bin/universe          = unknown

PATH: /home/forth/bin
PATH: /bin
PATH: /sbin
PATH: /usr/bin
PATH: /usr/sbin
PATH: /usr/X11R6/bin
PATH: /usr/local/bin
PATH: /usr/local/sbin
PATH: /usr/games
PATH: /usr/local/jre-1.7.0/bin
PATH: /usr/local/jdk-1.7.0/bin
PATH: .
PATH: /opt/bin/


## ----------- ##
## Core tests. ##
## ----------- ##

configure:2346: checking for a BSD-compatible install
configure:2414: result: /usr/bin/install -c
configure:2425: checking whether build environment is sane
configure:2475: result: yes
configure:2616: checking for a thread-safe mkdir -p
configure:2655: result: ./install-sh -c -d
configure:2668: checking for gawk
configure:2698: result: no
configure:2668: checking for mawk
configure:2698: result: no
configure:2668: checking for nawk
configure:2698: result: no
configure:2668: checking for awk
configure:2684: found /usr/bin/awk
configure:2695: result: awk
configure:2706: checking whether make sets $(MAKE)
configure:2728: result: yes
configure:2813: checking build system type
configure:2827: result: x86_64-unknown-openbsd5.3
configure:2847: checking host system type
configure:2860: result: x86_64-unknown-openbsd5.3
configure:2970: checking for gcc
configure:2986: found /usr/bin/gcc
configure:2997: result: gcc
configure:3226: checking for C compiler version
configure:3235: gcc --version >&5
gcc (GCC) 4.2.1 20070719 
Copyright (C) 2007 Free Software Foundation, Inc.
This is free software; see the source for copying conditions.  There is NO
warranty; not even for MERCHANTABILITY or FITNESS FOR A PARTICULAR PURPOSE.

configure:3246: $? = 0
configure:3235: gcc -v >&5
Reading specs from /usr/lib/gcc-lib/amd64-unknown-openbsd5.3/4.2.1/specs
Target: amd64-unknown-openbsd5.3
Configured with: OpenBSD/amd64 system compiler
Thread model: posix
gcc version 4.2.1 20070719 
configure:3246: $? = 0
configure:3235: gcc -V >&5
gcc: '-V' option must have argument
configure:3246: $? = 1
configure:3235: gcc -qversion >&5
gcc: unrecognized option '-qversion'
gcc: no input files
configure:3246: $? = 1
configure:3266: checking whether the C compiler works
configure:3288: gcc -I/usr/local/include -I/opt/include/searpc  -L/usr/local/lib -L/opt/lib conftest.c  >&5
configure:3292: $? = 0
configure:3340: result: yes
configure:3343: checking for C compiler default output file name
configure:3345: result: a.out
configure:3351: checking for suffix of executables
configure:3358: gcc -o conftest -I/usr/local/include -I/opt/include/searpc  -L/usr/local/lib -L/opt/lib conftest.c  >&5
configure:3362: $? = 0
configure:3384: result: 
configure:3406: checking whether we are cross compiling
configure:3414: gcc -o conftest -I/usr/local/include -I/opt/include/searpc  -L/usr/local/lib -L/opt/lib conftest.c  >&5
configure:3418: $? = 0
configure:3425: ./conftest
configure:3429: $? = 0
configure:3444: result: no
configure:3449: checking for suffix of object files
configure:3471: gcc -c -I/usr/local/include -I/opt/include/searpc  conftest.c >&5
configure:3475: $? = 0
configure:3496: result: o
configure:3500: checking whether we are using the GNU C compiler
configure:3519: gcc -c -I/usr/local/include -I/opt/include/searpc  conftest.c >&5
configure:3519: $? = 0
configure:3528: result: yes
configure:3537: checking whether gcc accepts -g
configure:3557: gcc -c -g  conftest.c >&5
configure:3557: $? = 0
configure:3598: result: yes
configure:3615: checking for gcc option to accept ISO C89
configure:3679: gcc  -c -I/usr/local/include -I/opt/include/searpc  conftest.c >&5
configure:3679: $? = 0
configure:3692: result: none needed
configure:3723: checking for style of include used by make
configure:3751: result: GNU
configure:3777: checking dependency style of gcc
configure:3888: result: gcc3
configure:3905: checking for an ANSI C-conforming const
configure:3970: gcc -c -I/usr/local/include -I/opt/include/searpc  conftest.c >&5
configure:3970: $? = 0
configure:3977: result: yes
configure:3985: checking whether make sets $(MAKE)
configure:4007: result: yes
configure:4063: checking how to print strings
configure:4092: result: print -r
configure:4111: checking for a sed that does not truncate output
configure:4175: result: /usr/bin/sed
configure:4193: checking for grep that handles long lines and -e
configure:4251: result: /usr/bin/grep
configure:4256: checking for egrep
configure:4318: result: /usr/bin/grep -E
configure:4323: checking for fgrep
configure:4385: result: /usr/bin/grep -F
configure:4420: checking for ld used by gcc
configure:4487: result: /usr/bin/ld
configure:4494: checking if the linker (/usr/bin/ld) is GNU ld
configure:4509: result: yes
configure:4521: checking for BSD- or MS-compatible name lister (nm)
configure:4570: result: /usr/bin/nm -B
configure:4700: checking the name lister (/usr/bin/nm -B) interface
configure:4707: gcc -c -I/usr/local/include -I/opt/include/searpc  conftest.c >&5
configure:4710: /usr/bin/nm -B "conftest.o"
configure:4713: output
00000000 F conftest.c
00000000 D some_variable
configure:4720: result: BSD nm
configure:4723: checking whether ln -s works
configure:4727: result: yes
configure:4735: checking the maximum length of command line arguments
configure:4865: result: 196608
configure:4882: checking whether the shell understands some XSI constructs
configure:4892: result: yes
configure:4896: checking whether the shell understands "+="
configure:4902: result: no
configure:4937: checking how to convert x86_64-unknown-openbsd5.3 file names to x86_64-unknown-openbsd5.3 format
configure:4977: result: func_convert_file_noop
configure:4984: checking how to convert x86_64-unknown-openbsd5.3 file names to toolchain format
configure:5004: result: func_convert_file_noop
configure:5011: checking for /usr/bin/ld option to reload object files
configure:5018: result: -r
configure:5092: checking for objdump
configure:5108: found /usr/bin/objdump
configure:5119: result: objdump
configure:5151: checking how to recognize dependent libraries
configure:5353: result: match_pattern /lib[^/]+(\.so\.[0-9]+\.[0-9]+|\.so|_pic\.a)$
configure:5438: checking for dlltool
configure:5468: result: no
configure:5498: checking how to associate runtime and link libraries
configure:5525: result: print -r --
configure:5585: checking for ar
configure:5601: found /usr/bin/ar
configure:5612: result: ar
configure:5649: checking for archiver @FILE support
configure:5666: gcc -c -I/usr/local/include -I/opt/include/searpc  conftest.c >&5
configure:5666: $? = 0
configure:5669: ar cru libconftest.a @conftest.lst >&5
ar: '@conftest.lst': No such file
configure:5672: $? = 0
configure:5677: ar cru libconftest.a @conftest.lst >&5
ar: '@conftest.lst': No such file
configure:5680: $? = 0
configure:5692: result: no
configure:5750: checking for strip
configure:5766: found /usr/bin/strip
configure:5777: result: strip
configure:5849: checking for ranlib
configure:5865: found /usr/bin/ranlib
configure:5876: result: ranlib
configure:5978: checking command to parse /usr/bin/nm -B output from gcc object
configure:6098: gcc -c -I/usr/local/include -I/opt/include/searpc  conftest.c >&5
configure:6101: $? = 0
configure:6105: /usr/bin/nm -B conftest.o \| sed -n -e 's/^.*[ ]\([BCDEGRST][BCDEGRST]*\)[ ][ ]*\([_A-Za-z][_A-Za-z0-9]*\)$/\1 \2 \2/p' | sed '/ __gnu_lto/d' \> conftest.nm
configure:6108: $? = 0
configure:6174: gcc -o conftest -I/usr/local/include -I/opt/include/searpc  -L/usr/local/lib -L/opt/lib conftest.c conftstm.o >&5
configure:6177: $? = 0
configure:6215: result: ok
configure:6252: checking for sysroot
configure:6282: result: no
configure:6538: checking for mt
configure:6554: found /bin/mt
configure:6565: result: mt
configure:6588: checking if mt is a manifest tool
configure:6594: mt '-?'
mt: unknown option -- ?
usage: mt [-f device] command [count]
configure:6602: result: no
configure:7244: checking how to run the C preprocessor
configure:7275: gcc -E  conftest.c
configure:7275: $? = 0
configure:7289: gcc -E  conftest.c
conftest.c:11:28: error: ac_nonexistent.h: No such file or directory
configure:7289: $? = 1
configure: failed program was:
| /* confdefs.h */
| #define PACKAGE_NAME "ccnet"
| #define PACKAGE_TARNAME "ccnet"
| #define PACKAGE_VERSION "1.3.4"
| #define PACKAGE_STRING "ccnet 1.3.4"
| #define PACKAGE_BUGREPORT "freeplant@gmail.com"
| #define PACKAGE_URL ""
| #define PACKAGE "ccnet"
| #define VERSION "1.3.4"
| /* end confdefs.h.  */
| #include <ac_nonexistent.h>
configure:7314: result: gcc -E
configure:7334: gcc -E  conftest.c
configure:7334: $? = 0
configure:7348: gcc -E  conftest.c
conftest.c:11:28: error: ac_nonexistent.h: No such file or directory
configure:7348: $? = 1
configure: failed program was:
| /* confdefs.h */
| #define PACKAGE_NAME "ccnet"
| #define PACKAGE_TARNAME "ccnet"
| #define PACKAGE_VERSION "1.3.4"
| #define PACKAGE_STRING "ccnet 1.3.4"
| #define PACKAGE_BUGREPORT "freeplant@gmail.com"
| #define PACKAGE_URL ""
| #define PACKAGE "ccnet"
| #define VERSION "1.3.4"
| /* end confdefs.h.  */
| #include <ac_nonexistent.h>
configure:7377: checking for ANSI C header files
configure:7397: gcc -c -I/usr/local/include -I/opt/include/searpc  conftest.c >&5
configure:7397: $? = 0
configure:7470: gcc -o conftest -I/usr/local/include -I/opt/include/searpc  -L/usr/local/lib -L/opt/lib conftest.c  >&5
configure:7470: $? = 0
configure:7470: ./conftest
configure:7470: $? = 0
configure:7481: result: yes
configure:7494: checking for sys/types.h
configure:7494: gcc -c -I/usr/local/include -I/opt/include/searpc  conftest.c >&5
configure:7494: $? = 0
configure:7494: result: yes
configure:7494: checking for sys/stat.h
configure:7494: gcc -c -I/usr/local/include -I/opt/include/searpc  conftest.c >&5
configure:7494: $? = 0
configure:7494: result: yes
configure:7494: checking for stdlib.h
configure:7494: gcc -c -I/usr/local/include -I/opt/include/searpc  conftest.c >&5
configure:7494: $? = 0
configure:7494: result: yes
configure:7494: checking for string.h
configure:7494: gcc -c -I/usr/local/include -I/opt/include/searpc  conftest.c >&5
configure:7494: $? = 0
configure:7494: result: yes
configure:7494: checking for memory.h
configure:7494: gcc -c -I/usr/local/include -I/opt/include/searpc  conftest.c >&5
configure:7494: $? = 0
configure:7494: result: yes
configure:7494: checking for strings.h
configure:7494: gcc -c -I/usr/local/include -I/opt/include/searpc  conftest.c >&5
configure:7494: $? = 0
configure:7494: result: yes
configure:7494: checking for inttypes.h
configure:7494: gcc -c -I/usr/local/include -I/opt/include/searpc  conftest.c >&5
configure:7494: $? = 0
configure:7494: result: yes
configure:7494: checking for stdint.h
configure:7494: gcc -c -I/usr/local/include -I/opt/include/searpc  conftest.c >&5
configure:7494: $? = 0
configure:7494: result: yes
configure:7494: checking for unistd.h
configure:7494: gcc -c -I/usr/local/include -I/opt/include/searpc  conftest.c >&5
configure:7494: $? = 0
configure:7494: result: yes
configure:7508: checking for dlfcn.h
configure:7508: gcc -c -I/usr/local/include -I/opt/include/searpc  conftest.c >&5
configure:7508: $? = 0
configure:7508: result: yes
configure:7684: checking for objdir
configure:7699: result: .libs
configure:7970: checking if gcc supports -fno-rtti -fno-exceptions
configure:7988: gcc -c -I/usr/local/include -I/opt/include/searpc  -fno-rtti -fno-exceptions conftest.c >&5
cc1: warning: command line option "-fno-rtti" is valid for C++/ObjC++ but not for C
configure:7992: $? = 0
configure:8005: result: no
configure:8332: checking for gcc option to produce PIC
configure:8339: result: -fPIC -DPIC
configure:8347: checking if gcc PIC flag -fPIC -DPIC works
configure:8365: gcc -c -I/usr/local/include -I/opt/include/searpc  -fPIC -DPIC -DPIC conftest.c >&5
configure:8369: $? = 0
configure:8382: result: yes
configure:8411: checking if gcc static flag -static works
configure:8439: result: yes
configure:8454: checking if gcc supports -c -o file.o
configure:8475: gcc -c -I/usr/local/include -I/opt/include/searpc  -o out/conftest2.o conftest.c >&5
configure:8479: $? = 0
configure:8501: result: yes
configure:8509: checking if gcc supports -c -o file.o
configure:8556: result: yes
configure:8589: checking whether the gcc linker (/usr/bin/ld) supports shared libraries
configure:9746: result: yes
configure:9783: checking whether -lc should be explicitly linked in
configure:9791: gcc -c -I/usr/local/include -I/opt/include/searpc  conftest.c >&5
configure:9794: $? = 0
configure:9809: gcc -shared  -fPIC -DPIC -o conftest conftest.o  -v 2\>\&1 \| /usr/bin/grep  -lc  \>/dev/null 2\>\&1
configure:9812: $? = 1
configure:9826: result: yes
configure:9986: checking dynamic linker characteristics
configure:10731: result: openbsd5.3 ld.so
configure:10838: checking how to hardcode library paths into programs
configure:10863: result: immediate
configure:11403: checking whether stripping libraries is possible
configure:11408: result: yes
configure:11443: checking if libtool supports shared libraries
configure:11445: result: yes
configure:11448: checking whether to build shared libraries
configure:11469: result: yes
configure:11472: checking whether to build static libraries
configure:11476: result: yes
configure:11518: checking sys/ioctl.h usability
configure:11518: gcc -c -I/usr/local/include -I/opt/include/searpc  conftest.c >&5
configure:11518: $? = 0
configure:11518: result: yes
configure:11518: checking sys/ioctl.h presence
configure:11518: gcc -E  conftest.c
configure:11518: $? = 0
configure:11518: result: yes
configure:11518: checking for sys/ioctl.h
configure:11518: result: yes
configure:11518: checking sys/time.h usability
configure:11518: gcc -c -I/usr/local/include -I/opt/include/searpc  conftest.c >&5
configure:11518: $? = 0
configure:11518: result: yes
configure:11518: checking sys/time.h presence
configure:11518: gcc -E  conftest.c
configure:11518: $? = 0
configure:11518: result: yes
configure:11518: checking for sys/time.h
configure:11518: result: yes
configure:11518: checking stdarg.h usability
configure:11518: gcc -c -I/usr/local/include -I/opt/include/searpc  conftest.c >&5
configure:11518: $? = 0
configure:11518: result: yes
configure:11518: checking stdarg.h presence
configure:11518: gcc -E  conftest.c
configure:11518: $? = 0
configure:11518: result: yes
configure:11518: checking for stdarg.h
configure:11518: result: yes
configure:11537: checking for special C compiler options needed for large files
configure:11582: result: no
configure:11588: checking for _FILE_OFFSET_BITS value needed for large files
configure:11613: gcc -c -I/usr/local/include -I/opt/include/searpc  conftest.c >&5
configure:11613: $? = 0
configure:11645: result: no
configure:11733: checking for WIN32
configure:11740: result: no
configure:11744: checking for Mac
configure:11751: result: no
configure:11755: checking for Linux
configure:11759: result: compile in linux
configure:11993: checking for uuid_generate in -le2fs-uuid
configure:12018: gcc -o conftest -I/usr/local/include -I/opt/include/searpc  -L/usr/local/lib -L/opt/lib conftest.c -le2fs-uuid   >&5
/usr/local/lib/libe2fs-uuid.so.0.0: warning: sprintf() is often misused, please use snprintf()
configure:12018: $? = 0
configure:12027: result: yes
configure:12078: checking for event_init in -levent
configure:12103: gcc -o conftest -I/usr/local/include -I/opt/include/searpc  -L/usr/local/lib -L/opt/lib conftest.c -levent   >&5
configure:12103: $? = 0
configure:12112: result: yes
configure:12165: checking for pthread_create in -lpthread
configure:12190: gcc -o conftest -I/usr/local/include -I/opt/include/searpc  -L/usr/local/lib -L/opt/lib conftest.c -lpthread   >&5
configure:12190: $? = 0
configure:12199: result: yes
configure:12207: checking for sqlite3_open in -lsqlite3
configure:12232: gcc -o conftest -I/usr/local/include -I/opt/include/searpc  -L/usr/local/lib -L/opt/lib conftest.c -lsqlite3   >&5
configure:12232: $? = 0
configure:12241: result: yes
configure:12249: checking for SHA1_Init in -lcrypto
configure:12274: gcc -o conftest -I/usr/local/include -I/opt/include/searpc  -L/usr/local/lib -L/opt/lib conftest.c -lcrypto   >&5
configure:12274: $? = 0
configure:12283: result: yes
configure:12424: checking for pkg-config
configure:12442: found /usr/bin/pkg-config
configure:12454: result: /usr/bin/pkg-config
configure:12479: checking pkg-config is at least version 0.9.0
configure:12482: result: yes
configure:12492: checking for GLIB2
configure:12499: $PKG_CONFIG --exists --print-errors "glib-2.0 >= $GLIB_REQUIRED"
configure:12502: $? = 0
configure:12516: $PKG_CONFIG --exists --print-errors "glib-2.0 >= $GLIB_REQUIRED"
configure:12519: $? = 0
configure:12577: result: yes
configure:12586: checking for GOBJECT
configure:12593: $PKG_CONFIG --exists --print-errors "gobject-2.0 >= $GLIB_REQUIRED"
configure:12596: $? = 0
configure:12610: $PKG_CONFIG --exists --print-errors "gobject-2.0 >= $GLIB_REQUIRED"
configure:12613: $? = 0
configure:12671: result: yes
configure:12680: checking for SEARPC
configure:12765: result: yes
configure:12806: checking for a Python interpreter with version >= 2.6
configure:12823: python -c import sys # split strings by '.' and convert to numeric. Append some zeros # because we need at least 4 digits for the hex conversion. # map returns an iterator in Python 3.0 and a list in 2.x minver = list(map(int, '2.6'.split('.'))) + [0, 0, 0] minverhex = 0 # xrange is not present in Python 3.0 and range returns an iterator for i in list(range(0, 4)): minverhex = (minverhex << 8) + minver[i] sys.exit(sys.hexversion < minverhex)
./configure[13009]: python: cannot execute - Is a directory
configure:12826: $? = 126
configure:12823: python2 -c import sys # split strings by '.' and convert to numeric. Append some zeros # because we need at least 4 digits for the hex conversion. # map returns an iterator in Python 3.0 and a list in 2.x minver = list(map(int, '2.6'.split('.'))) + [0, 0, 0] minverhex = 0 # xrange is not present in Python 3.0 and range returns an iterator for i in list(range(0, 4)): minverhex = (minverhex << 8) + minver[i] sys.exit(sys.hexversion < minverhex)
./configure[13009]: python2: not found
configure:12826: $? = 127
configure:12823: python3 -c import sys # split strings by '.' and convert to numeric. Append some zeros # because we need at least 4 digits for the hex conversion. # map returns an iterator in Python 3.0 and a list in 2.x minver = list(map(int, '2.6'.split('.'))) + [0, 0, 0] minverhex = 0 # xrange is not present in Python 3.0 and range returns an iterator for i in list(range(0, 4)): minverhex = (minverhex << 8) + minver[i] sys.exit(sys.hexversion < minverhex)
./configure[13009]: python3: not found
configure:12826: $? = 127
configure:12823: python3.2 -c import sys # split strings by '.' and convert to numeric. Append some zeros # because we need at least 4 digits for the hex conversion. # map returns an iterator in Python 3.0 and a list in 2.x minver = list(map(int, '2.6'.split('.'))) + [0, 0, 0] minverhex = 0 # xrange is not present in Python 3.0 and range returns an iterator for i in list(range(0, 4)): minverhex = (minverhex << 8) + minver[i] sys.exit(sys.hexversion < minverhex)
./configure[13009]: python3.2: not found
configure:12826: $? = 127
configure:12823: python3.1 -c import sys # split strings by '.' and convert to numeric. Append some zeros # because we need at least 4 digits for the hex conversion. # map returns an iterator in Python 3.0 and a list in 2.x minver = list(map(int, '2.6'.split('.'))) + [0, 0, 0] minverhex = 0 # xrange is not present in Python 3.0 and range returns an iterator for i in list(range(0, 4)): minverhex = (minverhex << 8) + minver[i] sys.exit(sys.hexversion < minverhex)
./configure[13009]: python3.1: not found
configure:12826: $? = 127
configure:12823: python3.0 -c import sys # split strings by '.' and convert to numeric. Append some zeros # because we need at least 4 digits for the hex conversion. # map returns an iterator in Python 3.0 and a list in 2.x minver = list(map(int, '2.6'.split('.'))) + [0, 0, 0] minverhex = 0 # xrange is not present in Python 3.0 and range returns an iterator for i in list(range(0, 4)): minverhex = (minverhex << 8) + minver[i] sys.exit(sys.hexversion < minverhex)
./configure[13009]: python3.0: not found
configure:12826: $? = 127
configure:12823: python2.7 -c import sys # split strings by '.' and convert to numeric. Append some zeros # because we need at least 4 digits for the hex conversion. # map returns an iterator in Python 3.0 and a list in 2.x minver = list(map(int, '2.6'.split('.'))) + [0, 0, 0] minverhex = 0 # xrange is not present in Python 3.0 and range returns an iterator for i in list(range(0, 4)): minverhex = (minverhex << 8) + minver[i] sys.exit(sys.hexversion < minverhex)
configure:12826: $? = 0
configure:12832: result: python2.7
configure:12840: checking for python2.7
configure:12858: found /usr/local/bin/python2.7
configure:12870: result: /usr/local/bin/python2.7
configure:12888: checking for python2.7 version
configure:12895: result: 2.7
configure:12907: checking for python2.7 platform
configure:12914: result: openbsd5
configure:12921: checking for python2.7 script directory
configure:12949: result: ${prefix}/lib/python2.7/site-packages
configure:12958: checking for python2.7 extension module directory
configure:12986: result: ${exec_prefix}/lib/python2.7/site-packages
configure:13451: creating ./config.status

## ---------------------- ##
## Running config.status. ##
## ---------------------- ##

This file was extended by ccnet config.status 1.3.4, which was
generated by GNU Autoconf 2.68.  Invocation command line was

  CONFIG_FILES    = 
  CONFIG_HEADERS  = 
  CONFIG_LINKS    = 
  CONFIG_COMMANDS = 
  $ ./config.status 

on fx.CCDIOIS.local

config.status:1166: creating Makefile
config.status:1166: creating libccnet.pc
config.status:1166: creating net/Makefile
config.status:1166: creating net/daemon/Makefile
config.status:1166: creating net/server/Makefile
config.status:1166: creating net/cluster/Makefile
config.status:1166: creating cli/Makefile
config.status:1166: creating lib/Makefile
config.status:1166: creating tools/Makefile
config.status:1166: creating include/Makefile
config.status:1166: creating include/ccnet/Makefile
config.status:1166: creating python/Makefile
config.status:1166: creating python/ccnet/Makefile
config.status:1166: creating tests/Makefile
config.status:1166: creating tests/common-conf.sh
config.status:1166: creating demo/Makefile
config.status:1166: creating config.h
config.status:1347: config.h is unchanged
config.status:1395: executing depfiles commands
config.status:1395: executing libtool commands

## ---------------- ##
## Cache variables. ##
## ---------------- ##

ac_cv_build=x86_64-unknown-openbsd5.3
ac_cv_c_compiler_gnu=yes
ac_cv_c_const=yes
ac_cv_env_CC_set=
ac_cv_env_CC_value=
ac_cv_env_CFLAGS_set=set
ac_cv_env_CFLAGS_value='-I/usr/local/include -I/opt/include/searpc'
ac_cv_env_CPPFLAGS_set=
ac_cv_env_CPPFLAGS_value=
ac_cv_env_CPP_set=
ac_cv_env_CPP_value=
ac_cv_env_GLIB2_CFLAGS_set=
ac_cv_env_GLIB2_CFLAGS_value=
ac_cv_env_GLIB2_LIBS_set=
ac_cv_env_GLIB2_LIBS_value=
ac_cv_env_GOBJECT_CFLAGS_set=
ac_cv_env_GOBJECT_CFLAGS_value=
ac_cv_env_GOBJECT_LIBS_set=
ac_cv_env_GOBJECT_LIBS_value=
ac_cv_env_LDFLAGS_set=set
ac_cv_env_LDFLAGS_value='-L/usr/local/lib -L/opt/lib'
ac_cv_env_LIBS_set=
ac_cv_env_LIBS_value=
ac_cv_env_PKG_CONFIG_LIBDIR_set=
ac_cv_env_PKG_CONFIG_LIBDIR_value=
ac_cv_env_PKG_CONFIG_PATH_set=
ac_cv_env_PKG_CONFIG_PATH_value=
ac_cv_env_PKG_CONFIG_set=
ac_cv_env_PKG_CONFIG_value=
ac_cv_env_PYTHON_set=
ac_cv_env_PYTHON_value=
ac_cv_env_SEARPC_CFLAGS_set=set
ac_cv_env_SEARPC_CFLAGS_value=-I/opt/include/searpc
ac_cv_env_SEARPC_LIBS_set=set
ac_cv_env_SEARPC_LIBS_value=-L/opt/lib
ac_cv_env_ZDB_CFLAGS_set=
ac_cv_env_ZDB_CFLAGS_value=
ac_cv_env_ZDB_LIBS_set=
ac_cv_env_ZDB_LIBS_value=
ac_cv_env_build_alias_set=
ac_cv_env_build_alias_value=
ac_cv_env_host_alias_set=
ac_cv_env_host_alias_value=
ac_cv_env_target_alias_set=
ac_cv_env_target_alias_value=
ac_cv_header_dlfcn_h=yes
ac_cv_header_inttypes_h=yes
ac_cv_header_memory_h=yes
ac_cv_header_stdarg_h=yes
ac_cv_header_stdc=yes
ac_cv_header_stdint_h=yes
ac_cv_header_stdlib_h=yes
ac_cv_header_string_h=yes
ac_cv_header_strings_h=yes
ac_cv_header_sys_ioctl_h=yes
ac_cv_header_sys_stat_h=yes
ac_cv_header_sys_time_h=yes
ac_cv_header_sys_types_h=yes
ac_cv_header_unistd_h=yes
ac_cv_host=x86_64-unknown-openbsd5.3
ac_cv_lib_crypto_SHA1_Init=yes
ac_cv_lib_event_event_init=yes
ac_cv_lib_pthread_pthread_create=yes
ac_cv_lib_sqlite3_sqlite3_open=yes
ac_cv_lib_uuid_uuid_generate=yes
ac_cv_objext=o
ac_cv_path_EGREP='/usr/bin/grep -E'
ac_cv_path_FGREP='/usr/bin/grep -F'
ac_cv_path_GREP=/usr/bin/grep
ac_cv_path_PYTHON=/usr/local/bin/python2.7
ac_cv_path_SED=/usr/bin/sed
ac_cv_path_ac_pt_PKG_CONFIG=/usr/bin/pkg-config
ac_cv_path_install='/usr/bin/install -c'
ac_cv_prog_AWK=awk
ac_cv_prog_CPP='gcc -E'
ac_cv_prog_ac_ct_AR=ar
ac_cv_prog_ac_ct_CC=gcc
ac_cv_prog_ac_ct_MANIFEST_TOOL=mt
ac_cv_prog_ac_ct_OBJDUMP=objdump
ac_cv_prog_ac_ct_RANLIB=ranlib
ac_cv_prog_ac_ct_STRIP=strip
ac_cv_prog_cc_c89=
ac_cv_prog_cc_g=yes
ac_cv_prog_make_make_set=yes
ac_cv_sys_file_offset_bits=no
ac_cv_sys_largefile_CC=no
am_cv_CC_dependencies_compiler_type=gcc3
am_cv_pathless_PYTHON=python2.7
am_cv_python_platform=openbsd5
am_cv_python_pyexecdir='${exec_prefix}/lib/python2.7/site-packages'
am_cv_python_pythondir='${prefix}/lib/python2.7/site-packages'
am_cv_python_version=2.7
lt_cv_ar_at_file=no
lt_cv_archive_cmds_need_lc=yes
lt_cv_deplibs_check_method='match_pattern /lib[^/]+(\.so\.[0-9]+\.[0-9]+|\.so|_pic\.a)$'
lt_cv_file_magic_cmd='$MAGIC_CMD'
lt_cv_file_magic_test_file=
lt_cv_ld_reload_flag=-r
lt_cv_nm_interface='BSD nm'
lt_cv_objdir=.libs
lt_cv_path_LD=/usr/bin/ld
lt_cv_path_NM='/usr/bin/nm -B'
lt_cv_path_mainfest_tool=no
lt_cv_prog_compiler_c_o=yes
lt_cv_prog_compiler_pic='-fPIC -DPIC'
lt_cv_prog_compiler_pic_works=yes
lt_cv_prog_compiler_rtti_exceptions=no
lt_cv_prog_compiler_static_works=yes
lt_cv_prog_gnu_ld=yes
lt_cv_sharedlib_from_linklib_cmd='print -r --'
lt_cv_sys_global_symbol_pipe='sed -n -e '\''s/^.*[	 ]\([BCDEGRST][BCDEGRST]*\)[	 ][	 ]*\([_A-Za-z][_A-Za-z0-9]*\)$/\1 \2 \2/p'\'' | sed '\''/ __gnu_lto/d'\'
lt_cv_sys_global_symbol_to_c_name_address='sed -n -e '\''s/^: \([^ ]*\)[ ]*$/  {\"\1\", (void *) 0},/p'\'' -e '\''s/^[BCDEGRST]* \([^ ]*\) \([^ ]*\)$/  {"\2", (void *) \&\2},/p'\'
lt_cv_sys_global_symbol_to_c_name_address_lib_prefix='sed -n -e '\''s/^: \([^ ]*\)[ ]*$/  {\"\1\", (void *) 0},/p'\'' -e '\''s/^[BCDEGRST]* \([^ ]*\) \(lib[^ ]*\)$/  {"\2", (void *) \&\2},/p'\'' -e '\''s/^[BCDEGRST]* \([^ ]*\) \([^ ]*\)$/  {"lib\2", (void *) \&\2},/p'\'
lt_cv_sys_global_symbol_to_cdecl='sed -n -e '\''s/^T .* \(.*\)$/extern int \1();/p'\'' -e '\''s/^[BCDEGRST]* .* \(.*\)$/extern char \1;/p'\'
lt_cv_sys_max_cmd_len=196608
lt_cv_to_host_file_cmd=func_convert_file_noop
lt_cv_to_tool_file_cmd=func_convert_file_noop
pkg_cv_GLIB2_CFLAGS='-I/usr/local/include/glib-2.0 -I/usr/local/lib/glib-2.0/include -I/usr/local/include'
pkg_cv_GLIB2_LIBS='-L/usr/local/lib -lglib-2.0 -lintl -liconv'
pkg_cv_GOBJECT_CFLAGS='-I/usr/local/include/glib-2.0 -I/usr/local/lib/glib-2.0/include -I/usr/local/include'
pkg_cv_GOBJECT_LIBS='-L/usr/local/lib -lgobject-2.0 -lglib-2.0 -lintl -liconv'
pkg_cv_SEARPC_CFLAGS=-I/opt/include/searpc
pkg_cv_SEARPC_LIBS=-L/opt/lib

## ----------------- ##
## Output variables. ##
## ----------------- ##

ACLOCAL='${SHELL} /home/forth/projets/seafile/seafile-1.7.0-wip/ccnet/missing --run aclocal-1.11'
AMDEPBACKSLASH='\'
AMDEP_FALSE='#'
AMDEP_TRUE=''
AMTAR='$${TAR-tar}'
AR='ar'
AUTOCONF='${SHELL} /home/forth/projets/seafile/seafile-1.7.0-wip/ccnet/missing --run autoconf'
AUTOHEADER='${SHELL} /home/forth/projets/seafile/seafile-1.7.0-wip/ccnet/missing --run autoheader'
AUTOMAKE='${SHELL} /home/forth/projets/seafile/seafile-1.7.0-wip/ccnet/missing --run automake-1.11'
AWK='awk'
CC='gcc'
CCDEPMODE='depmode=gcc3'
CFLAGS='-I/usr/local/include -I/opt/include/searpc'
COMPILE_CLIENT_FALSE='#'
COMPILE_CLIENT_TRUE=''
COMPILE_CLI_FALSE='#'
COMPILE_CLI_TRUE=''
COMPILE_CLUSTER_FALSE=''
COMPILE_CLUSTER_TRUE='#'
COMPILE_DEMO_FALSE='#'
COMPILE_DEMO_TRUE=''
COMPILE_PYTHON_FALSE='#'
COMPILE_PYTHON_TRUE=''
COMPILE_SERVER_FALSE=''
COMPILE_SERVER_TRUE='#'
COMPILE_TOOLS_FALSE='#'
COMPILE_TOOLS_TRUE=''
CONSOLE=''
CPP='gcc -E'
CPPFLAGS=''
CYGPATH_W='echo'
DEFS='-DHAVE_CONFIG_H'
DEPDIR='.deps'
DLLTOOL='false'
DSYMUTIL=''
DUMPBIN=''
ECHO_C=''
ECHO_N='-n'
ECHO_T=''
EGREP='/usr/bin/grep -E'
EXEEXT=''
FGREP='/usr/bin/grep -F'
GLIB2_CFLAGS='-I/usr/local/include/glib-2.0 -I/usr/local/lib/glib-2.0/include -I/usr/local/include'
GLIB2_LIBS='-L/usr/local/lib -lglib-2.0 -lintl -liconv'
GOBJECT_CFLAGS='-I/usr/local/include/glib-2.0 -I/usr/local/lib/glib-2.0/include -I/usr/local/include'
GOBJECT_LIBS='-L/usr/local/lib -lgobject-2.0 -lglib-2.0 -lintl -liconv'
GREP='/usr/bin/grep'
INSTALL_DATA='${INSTALL} -m 644'
INSTALL_PROGRAM='${INSTALL}'
INSTALL_SCRIPT='${INSTALL}'
INSTALL_STRIP_PROGRAM='$(install_sh) -c -s'
LD='/usr/bin/ld'
LDAP_LIBS=''
LDFLAGS='-L/usr/local/lib -L/opt/lib'
LIBOBJS=''
LIBS=''
LIBTOOL='$(SHELL) $(top_builddir)/libtool'
LIBTOOL_DEPS='./ltmain.sh'
LIB_DIRWATCH=''
LIB_GDI32=''
LIB_INTL=''
LIB_IPHLPAPI=''
LIB_PSAPI=''
LIB_RESOLV='-lresolv'
LIB_RT=''
LIB_SHELL32=''
LIB_UUID='-le2fs-uuid'
LIB_WS32=''
LINUX_FALSE='#'
LINUX_TRUE=''
LIPO=''
LN_S='ln -s'
LTLIBOBJS=''
MACOS_FALSE=''
MACOS_TRUE='#'
MAKEINFO='${SHELL} /home/forth/projets/seafile/seafile-1.7.0-wip/ccnet/missing --run makeinfo'
MANIFEST_TOOL=':'
MKDIR_P='./install-sh -c -d'
MSVC_CFLAGS=''
MYSQL_CFLAGS=''
MYSQL_LIBS=''
NM='/usr/bin/nm -B'
NMEDIT=''
OBJDUMP='objdump'
OBJEXT='o'
OTOOL64=''
OTOOL=''
PACKAGE='ccnet'
PACKAGE_BUGREPORT='freeplant@gmail.com'
PACKAGE_NAME='ccnet'
PACKAGE_STRING='ccnet 1.3.4'
PACKAGE_TARNAME='ccnet'
PACKAGE_URL=''
PACKAGE_VERSION='1.3.4'
PATH_SEPARATOR=':'
PGSQL_CFLAGS=''
PGSQL_LIBS=''
PKG_CONFIG='/usr/bin/pkg-config'
PKG_CONFIG_LIBDIR=''
PKG_CONFIG_PATH=''
PYTHON='/usr/local/bin/python2.7'
PYTHON_EXEC_PREFIX='${exec_prefix}'
PYTHON_PLATFORM='openbsd5'
PYTHON_PREFIX='${prefix}'
PYTHON_VERSION='2.7'
RANLIB='ranlib'
SEARPC_CFLAGS='-I/opt/include/searpc'
SEARPC_LIBS='-L/opt/lib'
SED='/usr/bin/sed'
SERVER_ONLY_FALSE=''
SERVER_ONLY_TRUE='#'
SERVER_PKG_PY_RPATH=''
SERVER_PKG_RPATH=''
SET_MAKE=''
SHELL='/bin/sh'
STATIC_COMPILE=''
STRIP='strip'
VERSION='1.3.4'
WIN32_FALSE=''
WIN32_TRUE='#'
ZDB_CFLAGS=''
ZDB_LIBS=''
ac_ct_AR='ar'
ac_ct_CC='gcc'
ac_ct_DUMPBIN=''
am__EXEEXT_FALSE=''
am__EXEEXT_TRUE='#'
am__fastdepCC_FALSE='#'
am__fastdepCC_TRUE=''
am__include='include'
am__isrc=''
am__leading_dot='.'
am__nodep='_no'
am__quote=''
am__tar='$${TAR-tar} chof - "$$tardir"'
am__untar='$${TAR-tar} xf -'
bindir='${exec_prefix}/bin'
build='x86_64-unknown-openbsd5.3'
build_alias=''
build_cpu='x86_64'
build_os='openbsd5.3'
build_vendor='unknown'
datadir='${datarootdir}'
datarootdir='${prefix}/share'
docdir='${datarootdir}/doc/${PACKAGE_TARNAME}'
dvidir='${docdir}'
exec_prefix='${prefix}'
host='x86_64-unknown-openbsd5.3'
host_alias=''
host_cpu='x86_64'
host_os='openbsd5.3'
host_vendor='unknown'
htmldir='${docdir}'
includedir='${prefix}/include'
infodir='${datarootdir}/info'
install_sh='${SHELL} /home/forth/projets/seafile/seafile-1.7.0-wip/ccnet/install-sh'
libdir='${exec_prefix}/lib'
libexecdir='${exec_prefix}/libexec'
localedir='${datarootdir}/locale'
localstatedir='${prefix}/var'
mandir='${datarootdir}/man'
mkdir_p='$(top_builddir)/./install-sh -c -d'
oldincludedir='/usr/include'
pdfdir='${docdir}'
pkgpyexecdir='${pyexecdir}/ccnet'
pkgpythondir='${pythondir}/ccnet'
prefix='/opt'
program_transform_name='s,x,x,'
psdir='${docdir}'
pyexecdir='${exec_prefix}/lib/python2.7/site-packages'
pythondir='${prefix}/lib/python2.7/site-packages'
sbindir='${exec_prefix}/sbin'
sharedstatedir='${prefix}/com'
sysconfdir='${prefix}/etc'
target_alias=''

## ----------- ##
## confdefs.h. ##
## ----------- ##

/* confdefs.h */
#define PACKAGE_NAME "ccnet"
#define PACKAGE_TARNAME "ccnet"
#define PACKAGE_VERSION "1.3.4"
#define PACKAGE_STRING "ccnet 1.3.4"
#define PACKAGE_BUGREPORT "freeplant@gmail.com"
#define PACKAGE_URL ""
#define PACKAGE "ccnet"
#define VERSION "1.3.4"
#define STDC_HEADERS 1
#define HAVE_SYS_TYPES_H 1
#define HAVE_SYS_STAT_H 1
#define HAVE_STDLIB_H 1
#define HAVE_STRING_H 1
#define HAVE_MEMORY_H 1
#define HAVE_STRINGS_H 1
#define HAVE_INTTYPES_H 1
#define HAVE_STDINT_H 1
#define HAVE_UNISTD_H 1
#define HAVE_DLFCN_H 1
#define LT_OBJDIR ".libs/"
#define HAVE_SYS_IOCTL_H 1
#define HAVE_SYS_TIME_H 1
#define HAVE_STDARG_H 1

configure: exit 0
