This file contains any messages produced by compilers while
running configure, to aid debugging if configure makes a mistake.

It was created by json-glib configure 0.14.2, which was
generated by GNU Autoconf 2.68.  Invocation command line was

  $ ./configure --disable-option-checking --prefix=/opt CFLAGS=-I/usr/local/include LDFLAGS=-L/usr/local/lib --cache-file=/dev/null --srcdir=.

## --------- ##
## Platform. ##
## --------- ##

hostname = fx.CCDIOIS.local
uname -m = amd64
uname -r = 5.3
uname -s = OpenBSD
uname -v = GENERIC.MP#62

/usr/bin/uname -p = amd64
/bin/uname -X     = unknown

/bin/arch              = unknown
/usr/bin/arch -k       = OpenBSD.amd64
/usr/convex/getsysinfo = unknown
/usr/bin/hostinfo      = unknown
/bin/machine           = unknown
/usr/bin/oslevel       = unknown
/bin/universe          = unknown

PATH: /bin
PATH: /usr/bin
PATH: /sbin
PATH: /usr/sbin
PATH: /usr/X11R6/bin
PATH: /usr/local/bin
PATH: /usr/local/sbin


## ----------- ##
## Core tests. ##
## ----------- ##

configure:2186: checking for a BSD-compatible install
configure:2254: result: /usr/bin/install -c
configure:2265: checking whether build environment is sane
configure:2315: result: yes
configure:2456: checking for a thread-safe mkdir -p
configure:2495: result: build/install-sh -c -d
configure:2508: checking for gawk
configure:2538: result: no
configure:2508: checking for mawk
configure:2538: result: no
configure:2508: checking for nawk
configure:2538: result: no
configure:2508: checking for awk
configure:2524: found /usr/bin/awk
configure:2535: result: awk
configure:2546: checking whether make sets $(MAKE)
configure:2568: result: yes
configure:2634: checking how to create a ustar tar archive
configure:2647: tar --version
tar: unknown option -- -
usage: tar {crtux}[014578befHhjLmNOoPpqsvwXZz]
           [blocking-factor | archive | replstr] [-C directory] [-I file]
           [file ...]
       tar {-crtux} [-014578eHhjLmNOoPpqvwXZz] [-b blocking-factor]
           [-C directory] [-f archive] [-I file] [-s replstr] [file ...]
configure:2650: $? = 1
configure:2647: gnutar --version
./configure[2704]: gnutar: not found
configure:2650: $? = 127
configure:2647: gtar --version
./configure[2704]: gtar: not found
configure:2650: $? = 127
configure:2690: tardir=conftest.dir && eval gtar --format=ustar -chf - "$tardir" >conftest.tar
./configure: gtar: not found
configure:2693: $? = 127
configure:2690: tardir=conftest.dir && eval tar chf - "$tardir" >conftest.tar
configure:2693: $? = 0
configure:2697: tar xf - <conftest.tar
configure:2700: $? = 0
configure:2713: result: plaintar
configure:2732: checking whether make supports nested variables
configure:2749: result: yes
configure:2772: checking for style of include used by make
configure:2800: result: GNU
configure:2871: checking for gcc
configure:2887: found /usr/bin/gcc
configure:2898: result: gcc
configure:3127: checking for C compiler version
configure:3136: gcc --version >&5
gcc (GCC) 4.2.1 20070719 
Copyright (C) 2007 Free Software Foundation, Inc.
This is free software; see the source for copying conditions.  There is NO
warranty; not even for MERCHANTABILITY or FITNESS FOR A PARTICULAR PURPOSE.

configure:3147: $? = 0
configure:3136: gcc -v >&5
Reading specs from /usr/lib/gcc-lib/amd64-unknown-openbsd5.3/4.2.1/specs
Target: amd64-unknown-openbsd5.3
Configured with: OpenBSD/amd64 system compiler
Thread model: posix
gcc version 4.2.1 20070719 
configure:3147: $? = 0
configure:3136: gcc -V >&5
gcc: '-V' option must have argument
configure:3147: $? = 1
configure:3136: gcc -qversion >&5
gcc: unrecognized option '-qversion'
gcc: no input files
configure:3147: $? = 1
configure:3167: checking whether the C compiler works
configure:3189: gcc -I/usr/local/include  -L/usr/local/lib conftest.c  >&5
configure:3193: $? = 0
configure:3241: result: yes
configure:3244: checking for C compiler default output file name
configure:3246: result: a.out
configure:3252: checking for suffix of executables
configure:3259: gcc -o conftest -I/usr/local/include  -L/usr/local/lib conftest.c  >&5
configure:3263: $? = 0
configure:3285: result: 
configure:3307: checking whether we are cross compiling
configure:3315: gcc -o conftest -I/usr/local/include  -L/usr/local/lib conftest.c  >&5
configure:3319: $? = 0
configure:3326: ./conftest
configure:3330: $? = 0
configure:3345: result: no
configure:3350: checking for suffix of object files
configure:3372: gcc -c -I/usr/local/include  conftest.c >&5
configure:3376: $? = 0
configure:3397: result: o
configure:3401: checking whether we are using the GNU C compiler
configure:3420: gcc -c -I/usr/local/include  conftest.c >&5
configure:3420: $? = 0
configure:3429: result: yes
configure:3438: checking whether gcc accepts -g
configure:3458: gcc -c -g  conftest.c >&5
configure:3458: $? = 0
configure:3499: result: yes
configure:3516: checking for gcc option to accept ISO C89
configure:3580: gcc  -c -I/usr/local/include  conftest.c >&5
configure:3580: $? = 0
configure:3593: result: none needed
configure:3615: checking dependency style of gcc
configure:3726: result: gcc3
configure:3826: checking for pkg-config
configure:3844: found /usr/bin/pkg-config
configure:3856: result: /usr/bin/pkg-config
configure:3881: checking pkg-config is at least version 0.16
configure:3884: result: yes
configure:3901: checking for GLIB - version >= 2.0.0
configure:4016: gcc -o conftest -I/usr/local/include -I/usr/local/include/glib-2.0 -I/usr/local/lib/glib-2.0/include -I/usr/local/include  -L/usr/local/lib conftest.c -L/usr/local/lib -lglib-2.0 -lintl -liconv  >&5
/usr/local/lib/libglib-2.0.so.3400.0: warning: vsprintf() is often misused, please use vsnprintf()
/usr/local/lib/libglib-2.0.so.3400.0: warning: stpcpy() is dangerous GNU crap; don't use it
/usr/local/lib/libglib-2.0.so.3400.0: warning: strcpy() is almost always misused, please use strlcpy()
/usr/local/lib/libglib-2.0.so.3400.0: warning: strcat() is almost always misused, please use strlcat()
/usr/local/lib/libglib-2.0.so.3400.0: warning: sprintf() is often misused, please use snprintf()
configure:4016: $? = 0
configure:4016: ./conftest
configure:4016: $? = 0
configure:4030: result: yes (version 2.34.3)
configure:4099: checking whether gcc and cc understand -c and -o together
configure:4130: gcc -c conftest.c -o conftest2.o >&5
configure:4134: $? = 0
configure:4140: gcc -c conftest.c -o conftest2.o >&5
configure:4144: $? = 0
configure:4155: cc -c conftest.c >&5
configure:4159: $? = 0
configure:4167: cc -c conftest.c -o conftest2.o >&5
configure:4171: $? = 0
configure:4177: cc -c conftest.c -o conftest2.o >&5
configure:4181: $? = 0
configure:4199: result: yes
configure:4255: checking build system type
configure:4269: result: x86_64-unknown-openbsd5.3
configure:4289: checking host system type
configure:4302: result: x86_64-unknown-openbsd5.3
configure:4343: checking how to print strings
configure:4372: result: print -r
configure:4391: checking for a sed that does not truncate output
configure:4455: result: /usr/bin/sed
configure:4473: checking for grep that handles long lines and -e
configure:4531: result: /usr/bin/grep
configure:4536: checking for egrep
configure:4598: result: /usr/bin/grep -E
configure:4603: checking for fgrep
configure:4665: result: /usr/bin/grep -F
configure:4700: checking for ld used by gcc
configure:4767: result: /usr/bin/ld
configure:4774: checking if the linker (/usr/bin/ld) is GNU ld
configure:4789: result: yes
configure:4801: checking for BSD- or MS-compatible name lister (nm)
configure:4850: result: /usr/bin/nm -B
configure:4980: checking the name lister (/usr/bin/nm -B) interface
configure:4987: gcc -c -I/usr/local/include  conftest.c >&5
configure:4990: /usr/bin/nm -B "conftest.o"
configure:4993: output
00000000 F conftest.c
00000000 D some_variable
configure:5000: result: BSD nm
configure:5003: checking whether ln -s works
configure:5007: result: yes
configure:5015: checking the maximum length of command line arguments
configure:5140: result: 196608
configure:5157: checking whether the shell understands some XSI constructs
configure:5167: result: yes
configure:5171: checking whether the shell understands "+="
configure:5177: result: no
configure:5212: checking how to convert x86_64-unknown-openbsd5.3 file names to x86_64-unknown-openbsd5.3 format
configure:5252: result: func_convert_file_noop
configure:5259: checking how to convert x86_64-unknown-openbsd5.3 file names to toolchain format
configure:5279: result: func_convert_file_noop
configure:5286: checking for /usr/bin/ld option to reload object files
configure:5293: result: -r
configure:5367: checking for objdump
configure:5383: found /usr/bin/objdump
configure:5394: result: objdump
configure:5426: checking how to recognize dependent libraries
configure:5628: result: match_pattern /lib[^/]+(\.so\.[0-9]+\.[0-9]+|\.so|_pic\.a)$
configure:5713: checking for dlltool
configure:5743: result: no
configure:5773: checking how to associate runtime and link libraries
configure:5800: result: print -r --
configure:5860: checking for ar
configure:5876: found /usr/bin/ar
configure:5887: result: ar
configure:5924: checking for archiver @FILE support
configure:5941: gcc -c -I/usr/local/include  conftest.c >&5
configure:5941: $? = 0
configure:5944: ar cru libconftest.a @conftest.lst >&5
ar: '@conftest.lst': No such file
configure:5947: $? = 0
configure:5952: ar cru libconftest.a @conftest.lst >&5
ar: '@conftest.lst': No such file
configure:5955: $? = 0
configure:5967: result: no
configure:6025: checking for strip
configure:6041: found /usr/bin/strip
configure:6052: result: strip
configure:6124: checking for ranlib
configure:6140: found /usr/bin/ranlib
configure:6151: result: ranlib
configure:6253: checking command to parse /usr/bin/nm -B output from gcc object
configure:6372: gcc -c -I/usr/local/include  conftest.c >&5
configure:6375: $? = 0
configure:6379: /usr/bin/nm -B conftest.o \| sed -n -e 's/^.*[ ]\([BCDEGRST][BCDEGRST]*\)[ ][ ]*\([_A-Za-z][_A-Za-z0-9]*\)$/\1 \2 \2/p' | sed '/ __gnu_lto/d' \> conftest.nm
configure:6382: $? = 0
configure:6448: gcc -o conftest -I/usr/local/include  -L/usr/local/lib conftest.c conftstm.o >&5
configure:6451: $? = 0
configure:6489: result: ok
configure:6526: checking for sysroot
configure:6556: result: no
configure:6799: checking for mt
configure:6815: found /bin/mt
configure:6826: result: mt
configure:6849: checking if mt is a manifest tool
configure:6855: mt '-?'
mt: unknown option -- ?
usage: mt [-f device] command [count]
configure:6863: result: no
configure:7495: checking how to run the C preprocessor
configure:7526: gcc -E  conftest.c
configure:7526: $? = 0
configure:7540: gcc -E  conftest.c
conftest.c:9:28: error: ac_nonexistent.h: No such file or directory
configure:7540: $? = 1
configure: failed program was:
| /* confdefs.h */
| #define PACKAGE_NAME "json-glib"
| #define PACKAGE_TARNAME "json-glib"
| #define PACKAGE_VERSION "0.14.2"
| #define PACKAGE_STRING "json-glib 0.14.2"
| #define PACKAGE_BUGREPORT "http://bugzilla.gnome.org/enter_bug.cgi?product=json-glib"
| #define PACKAGE_URL "http://live.gnome.org/JsonGlib"
| /* end confdefs.h.  */
| #include <ac_nonexistent.h>
configure:7565: result: gcc -E
configure:7585: gcc -E  conftest.c
configure:7585: $? = 0
configure:7599: gcc -E  conftest.c
conftest.c:9:28: error: ac_nonexistent.h: No such file or directory
configure:7599: $? = 1
configure: failed program was:
| /* confdefs.h */
| #define PACKAGE_NAME "json-glib"
| #define PACKAGE_TARNAME "json-glib"
| #define PACKAGE_VERSION "0.14.2"
| #define PACKAGE_STRING "json-glib 0.14.2"
| #define PACKAGE_BUGREPORT "http://bugzilla.gnome.org/enter_bug.cgi?product=json-glib"
| #define PACKAGE_URL "http://live.gnome.org/JsonGlib"
| /* end confdefs.h.  */
| #include <ac_nonexistent.h>
configure:7628: checking for ANSI C header files
configure:7648: gcc -c -I/usr/local/include  conftest.c >&5
configure:7648: $? = 0
configure:7721: gcc -o conftest -I/usr/local/include  -L/usr/local/lib conftest.c  >&5
configure:7721: $? = 0
configure:7721: ./conftest
configure:7721: $? = 0
configure:7732: result: yes
configure:7745: checking for sys/types.h
configure:7745: gcc -c -I/usr/local/include  conftest.c >&5
configure:7745: $? = 0
configure:7745: result: yes
configure:7745: checking for sys/stat.h
configure:7745: gcc -c -I/usr/local/include  conftest.c >&5
configure:7745: $? = 0
configure:7745: result: yes
configure:7745: checking for stdlib.h
configure:7745: gcc -c -I/usr/local/include  conftest.c >&5
configure:7745: $? = 0
configure:7745: result: yes
configure:7745: checking for string.h
configure:7745: gcc -c -I/usr/local/include  conftest.c >&5
configure:7745: $? = 0
configure:7745: result: yes
configure:7745: checking for memory.h
configure:7745: gcc -c -I/usr/local/include  conftest.c >&5
configure:7745: $? = 0
configure:7745: result: yes
configure:7745: checking for strings.h
configure:7745: gcc -c -I/usr/local/include  conftest.c >&5
configure:7745: $? = 0
configure:7745: result: yes
configure:7745: checking for inttypes.h
configure:7745: gcc -c -I/usr/local/include  conftest.c >&5
configure:7745: $? = 0
configure:7745: result: yes
configure:7745: checking for stdint.h
configure:7745: gcc -c -I/usr/local/include  conftest.c >&5
configure:7745: $? = 0
configure:7745: result: yes
configure:7745: checking for unistd.h
configure:7745: gcc -c -I/usr/local/include  conftest.c >&5
configure:7745: $? = 0
configure:7745: result: yes
configure:7759: checking for dlfcn.h
configure:7759: gcc -c -I/usr/local/include  conftest.c >&5
configure:7759: $? = 0
configure:7759: result: yes
configure:7946: checking for objdir
configure:7961: result: .libs
configure:8232: checking if gcc supports -fno-rtti -fno-exceptions
configure:8250: gcc -c -I/usr/local/include  -fno-rtti -fno-exceptions conftest.c >&5
cc1: warning: command line option "-fno-rtti" is valid for C++/ObjC++ but not for C
configure:8254: $? = 0
configure:8267: result: no
configure:8577: checking for gcc option to produce PIC
configure:8584: result: -fPIC -DPIC
configure:8592: checking if gcc PIC flag -fPIC -DPIC works
configure:8610: gcc -c -I/usr/local/include  -fPIC -DPIC -DPIC conftest.c >&5
configure:8614: $? = 0
configure:8627: result: yes
configure:8656: checking if gcc static flag -static works
configure:8684: result: yes
configure:8699: checking if gcc supports -c -o file.o
configure:8720: gcc -c -I/usr/local/include  -o out/conftest2.o conftest.c >&5
configure:8724: $? = 0
configure:8746: result: yes
configure:8754: checking if gcc supports -c -o file.o
configure:8801: result: yes
configure:8834: checking whether the gcc linker (/usr/bin/ld) supports shared libraries
configure:9996: result: yes
configure:10033: checking whether -lc should be explicitly linked in
configure:10041: gcc -c -I/usr/local/include  conftest.c >&5
configure:10044: $? = 0
configure:10059: gcc -shared  -fPIC -DPIC -o conftest conftest.o  -v 2\>\&1 \| /usr/bin/grep  -lc  \>/dev/null 2\>\&1
configure:10062: $? = 1
configure:10076: result: yes
configure:10241: checking dynamic linker characteristics
configure:10990: result: openbsd5.3 ld.so
configure:11097: checking how to hardcode library paths into programs
configure:11122: result: immediate
configure:11662: checking whether stripping libraries is possible
configure:11667: result: yes
configure:11702: checking if libtool supports shared libraries
configure:11704: result: yes
configure:11707: checking whether to build shared libraries
configure:11728: result: yes
configure:11731: checking whether to build static libraries
configure:11735: result: yes
configure:11792: checking if building for some Win32 platform
configure:11804: result: no
configure:11814: checking for JSON
configure:11821: $PKG_CONFIG --exists --print-errors "gobject-2.0 >= 2.26 gio-2.0"
configure:11824: $? = 0
configure:11838: $PKG_CONFIG --exists --print-errors "gobject-2.0 >= 2.26 gio-2.0"
configure:11841: $? = 0
configure:11899: result: yes
configure:12092: creating ./config.status

## ---------------------- ##
## Running config.status. ##
## ---------------------- ##

This file was extended by json-glib config.status 0.14.2, which was
generated by GNU Autoconf 2.68.  Invocation command line was

  CONFIG_FILES    = 
  CONFIG_HEADERS  = 
  CONFIG_LINKS    = 
  CONFIG_COMMANDS = 
  $ ./config.status 

on fx.CCDIOIS.local

config.status:1116: creating Makefile
config.status:1116: creating build/Makefile
config.status:1116: creating build/autotools/Makefile
config.status:1116: creating json-glib/Makefile
config.status:1116: creating json-glib/json-version.h
config.status:1116: creating json-glib/tests/Makefile
config.status:1116: creating config.h
config.status:1345: executing depfiles commands
config.status:1345: executing libtool commands

## ---------------- ##
## Cache variables. ##
## ---------------- ##

ac_cv_build=x86_64-unknown-openbsd5.3
ac_cv_c_compiler_gnu=yes
ac_cv_env_CC_set=
ac_cv_env_CC_value=
ac_cv_env_CFLAGS_set=set
ac_cv_env_CFLAGS_value=-I/usr/local/include
ac_cv_env_CPPFLAGS_set=
ac_cv_env_CPPFLAGS_value=
ac_cv_env_CPP_set=
ac_cv_env_CPP_value=
ac_cv_env_JSON_CFLAGS_set=
ac_cv_env_JSON_CFLAGS_value=
ac_cv_env_JSON_LIBS_set=
ac_cv_env_JSON_LIBS_value=
ac_cv_env_LDFLAGS_set=set
ac_cv_env_LDFLAGS_value=-L/usr/local/lib
ac_cv_env_LIBS_set=
ac_cv_env_LIBS_value=
ac_cv_env_PKG_CONFIG_LIBDIR_set=
ac_cv_env_PKG_CONFIG_LIBDIR_value=
ac_cv_env_PKG_CONFIG_PATH_set=
ac_cv_env_PKG_CONFIG_PATH_value=
ac_cv_env_PKG_CONFIG_set=
ac_cv_env_PKG_CONFIG_value=
ac_cv_env_build_alias_set=
ac_cv_env_build_alias_value=
ac_cv_env_host_alias_set=
ac_cv_env_host_alias_value=
ac_cv_env_target_alias_set=
ac_cv_env_target_alias_value=
ac_cv_header_dlfcn_h=yes
ac_cv_header_inttypes_h=yes
ac_cv_header_memory_h=yes
ac_cv_header_stdc=yes
ac_cv_header_stdint_h=yes
ac_cv_header_stdlib_h=yes
ac_cv_header_string_h=yes
ac_cv_header_strings_h=yes
ac_cv_header_sys_stat_h=yes
ac_cv_header_sys_types_h=yes
ac_cv_header_unistd_h=yes
ac_cv_host=x86_64-unknown-openbsd5.3
ac_cv_objext=o
ac_cv_path_EGREP='/usr/bin/grep -E'
ac_cv_path_FGREP='/usr/bin/grep -F'
ac_cv_path_GREP=/usr/bin/grep
ac_cv_path_SED=/usr/bin/sed
ac_cv_path_ac_pt_PKG_CONFIG=/usr/bin/pkg-config
ac_cv_path_install='/usr/bin/install -c'
ac_cv_prog_AWK=awk
ac_cv_prog_CPP='gcc -E'
ac_cv_prog_ac_ct_AR=ar
ac_cv_prog_ac_ct_CC=gcc
ac_cv_prog_ac_ct_MANIFEST_TOOL=mt
ac_cv_prog_ac_ct_OBJDUMP=objdump
ac_cv_prog_ac_ct_RANLIB=ranlib
ac_cv_prog_ac_ct_STRIP=strip
ac_cv_prog_cc_c89=
ac_cv_prog_cc_g=yes
ac_cv_prog_cc_gcc_c_o=yes
ac_cv_prog_make_make_set=yes
am_cv_CC_dependencies_compiler_type=gcc3
am_cv_make_support_nested_variables=yes
am_cv_prog_tar_ustar=plaintar
lt_cv_ar_at_file=no
lt_cv_archive_cmds_need_lc=yes
lt_cv_deplibs_check_method='match_pattern /lib[^/]+(\.so\.[0-9]+\.[0-9]+|\.so|_pic\.a)$'
lt_cv_file_magic_cmd='$MAGIC_CMD'
lt_cv_file_magic_test_file=
lt_cv_ld_reload_flag=-r
lt_cv_nm_interface='BSD nm'
lt_cv_objdir=.libs
lt_cv_path_LD=/usr/bin/ld
lt_cv_path_NM='/usr/bin/nm -B'
lt_cv_path_mainfest_tool=no
lt_cv_prog_compiler_c_o=yes
lt_cv_prog_compiler_pic='-fPIC -DPIC'
lt_cv_prog_compiler_pic_works=yes
lt_cv_prog_compiler_rtti_exceptions=no
lt_cv_prog_compiler_static_works=yes
lt_cv_prog_gnu_ld=yes
lt_cv_sharedlib_from_linklib_cmd='print -r --'
lt_cv_sys_global_symbol_pipe='sed -n -e '\''s/^.*[	 ]\([BCDEGRST][BCDEGRST]*\)[	 ][	 ]*\([_A-Za-z][_A-Za-z0-9]*\)$/\1 \2 \2/p'\'' | sed '\''/ __gnu_lto/d'\'
lt_cv_sys_global_symbol_to_c_name_address='sed -n -e '\''s/^: \([^ ]*\)[ ]*$/  {\"\1\", (void *) 0},/p'\'' -e '\''s/^[BCDEGRST]* \([^ ]*\) \([^ ]*\)$/  {"\2", (void *) \&\2},/p'\'
lt_cv_sys_global_symbol_to_c_name_address_lib_prefix='sed -n -e '\''s/^: \([^ ]*\)[ ]*$/  {\"\1\", (void *) 0},/p'\'' -e '\''s/^[BCDEGRST]* \([^ ]*\) \(lib[^ ]*\)$/  {"\2", (void *) \&\2},/p'\'' -e '\''s/^[BCDEGRST]* \([^ ]*\) \([^ ]*\)$/  {"lib\2", (void *) \&\2},/p'\'
lt_cv_sys_global_symbol_to_cdecl='sed -n -e '\''s/^T .* \(.*\)$/extern int \1();/p'\'' -e '\''s/^[BCDEGRST]* .* \(.*\)$/extern char \1;/p'\'
lt_cv_sys_max_cmd_len=196608
lt_cv_to_host_file_cmd=func_convert_file_noop
lt_cv_to_tool_file_cmd=func_convert_file_noop
pkg_cv_JSON_CFLAGS='-pthread -I/usr/local/include/glib-2.0 -I/usr/local/lib/glib-2.0/include -I/usr/local/include'
pkg_cv_JSON_LIBS='-L/usr/local/lib -lgio-2.0 -lgobject-2.0 -lglib-2.0 -lintl -liconv'

## ----------------- ##
## Output variables. ##
## ----------------- ##

ACLOCAL='${SHELL} /home/forth/projets/seafile-1.7.0/libsearpc/json-glib/build/missing --run aclocal-1.11 '
AMDEPBACKSLASH='\'
AMDEP_FALSE='#'
AMDEP_TRUE=''
AMTAR='$${TAR-tar}'
AM_BACKSLASH='\'
AM_DEFAULT_V='$(AM_DEFAULT_VERBOSITY)'
AM_DEFAULT_VERBOSITY='0'
AM_V='$(V)'
AR='ar'
AUTOCONF='${SHELL} /home/forth/projets/seafile-1.7.0/libsearpc/json-glib/build/missing --run autoconf'
AUTOHEADER='${SHELL} /home/forth/projets/seafile-1.7.0/libsearpc/json-glib/build/missing --run autoheader'
AUTOMAKE='${SHELL} /home/forth/projets/seafile-1.7.0/libsearpc/json-glib/build/missing --run automake-1.11'
AWK='awk'
CC='gcc'
CCDEPMODE='depmode=gcc3'
CFLAGS='-I/usr/local/include'
CPP='gcc -E'
CPPFLAGS=''
CYGPATH_W='echo'
DEFS='-DHAVE_CONFIG_H'
DEPDIR='.deps'
DLLTOOL='false'
DSYMUTIL=''
DUMPBIN=''
ECHO_C=''
ECHO_N='-n'
ECHO_T=''
EGREP='/usr/bin/grep -E'
ENABLE_GLIB_TEST_FALSE='#'
ENABLE_GLIB_TEST_TRUE=''
EXEEXT=''
FGREP='/usr/bin/grep -F'
GETTEXT_PACKAGE='json-glib-1.0'
GLIB_CFLAGS='-I/usr/local/include/glib-2.0 -I/usr/local/lib/glib-2.0/include -I/usr/local/include'
GLIB_COMPILE_RESOURCES='glib-compile-resources'
GLIB_GENMARSHAL='glib-genmarshal'
GLIB_LIBS='-L/usr/local/lib -lglib-2.0 -lintl -liconv'
GLIB_MKENUMS='glib-mkenums'
GLIB_PREFIX='/usr/local'
GOBJECT_QUERY='gobject-query'
GREP='/usr/bin/grep'
INSTALL_DATA='${INSTALL} -m 644'
INSTALL_PROGRAM='${INSTALL}'
INSTALL_SCRIPT='${INSTALL}'
INSTALL_STRIP_PROGRAM='$(install_sh) -c -s'
JSON_CFLAGS='-pthread -I/usr/local/include/glib-2.0 -I/usr/local/lib/glib-2.0/include -I/usr/local/include'
JSON_DEBUG_CFLAGS='-DJSON_ENABLE_DEBUG -DG_DISABLE_CAST_CHECKS'
JSON_LIBS='-L/usr/local/lib -lgio-2.0 -lgobject-2.0 -lglib-2.0 -lintl -liconv'
JSON_LT_LDFLAGS='-version-info 1400:2:1400'
JSON_MAJOR_VERSION='0'
JSON_MICRO_VERSION='2'
JSON_MINOR_VERSION='14'
JSON_RELEASE_STATUS='release'
JSON_VERSION='0.14.2'
LD='/usr/bin/ld'
LDFLAGS='-L/usr/local/lib'
LIBOBJS=''
LIBS=''
LIBTOOL='$(SHELL) $(top_builddir)/libtool'
LIPO=''
LN_S='ln -s'
LTLIBOBJS=''
MAKEINFO='${SHELL} /home/forth/projets/seafile-1.7.0/libsearpc/json-glib/build/missing --run makeinfo'
MANIFEST_TOOL=':'
MKDIR_P='build/install-sh -c -d'
NM='/usr/bin/nm -B'
NMEDIT=''
OBJDUMP='objdump'
OBJEXT='o'
OTOOL64=''
OTOOL=''
PACKAGE='json-glib'
PACKAGE_BUGREPORT='http://bugzilla.gnome.org/enter_bug.cgi?product=json-glib'
PACKAGE_NAME='json-glib'
PACKAGE_STRING='json-glib 0.14.2'
PACKAGE_TARNAME='json-glib'
PACKAGE_URL='http://live.gnome.org/JsonGlib'
PACKAGE_VERSION='0.14.2'
PATH_SEPARATOR=':'
PKG_CONFIG='/usr/bin/pkg-config'
PKG_CONFIG_LIBDIR=''
PKG_CONFIG_PATH=''
RANLIB='ranlib'
SED='/usr/bin/sed'
SET_MAKE=''
SHELL='/bin/sh'
STRIP='strip'
VERSION='0.14.2'
ac_ct_AR='ar'
ac_ct_CC='gcc'
ac_ct_DUMPBIN=''
am__EXEEXT_FALSE=''
am__EXEEXT_TRUE='#'
am__fastdepCC_FALSE='#'
am__fastdepCC_TRUE=''
am__include='include'
am__isrc=''
am__leading_dot='.'
am__nodep='_no'
am__quote=''
am__tar='tar chf - "$$tardir"'
am__untar='tar xf -'
bindir='${exec_prefix}/bin'
build='x86_64-unknown-openbsd5.3'
build_alias=''
build_cpu='x86_64'
build_os='openbsd5.3'
build_vendor='unknown'
datadir='${datarootdir}'
datarootdir='${prefix}/share'
docdir='${datarootdir}/doc/${PACKAGE_TARNAME}'
dvidir='${docdir}'
exec_prefix='${prefix}'
host='x86_64-unknown-openbsd5.3'
host_alias=''
host_cpu='x86_64'
host_os='openbsd5.3'
host_vendor='unknown'
htmldir='${docdir}'
includedir='${prefix}/include'
infodir='${datarootdir}/info'
install_sh='${SHELL} /home/forth/projets/seafile-1.7.0/libsearpc/json-glib/build/install-sh'
libdir='${exec_prefix}/lib'
libexecdir='${exec_prefix}/libexec'
localedir='${datarootdir}/locale'
localstatedir='${prefix}/var'
mandir='${datarootdir}/man'
mkdir_p='$(top_builddir)/build/install-sh -c -d'
oldincludedir='/usr/include'
pdfdir='${docdir}'
prefix='/opt'
program_transform_name='s,x,x,'
psdir='${docdir}'
sbindir='${exec_prefix}/sbin'
sharedstatedir='${prefix}/com'
sysconfdir='${prefix}/etc'
target_alias=''

## ----------- ##
## confdefs.h. ##
## ----------- ##

/* confdefs.h */
#define PACKAGE_NAME "json-glib"
#define PACKAGE_TARNAME "json-glib"
#define PACKAGE_VERSION "0.14.2"
#define PACKAGE_STRING "json-glib 0.14.2"
#define PACKAGE_BUGREPORT "http://bugzilla.gnome.org/enter_bug.cgi?product=json-glib"
#define PACKAGE_URL "http://live.gnome.org/JsonGlib"
#define STDC_HEADERS 1
#define HAVE_SYS_TYPES_H 1
#define HAVE_SYS_STAT_H 1
#define HAVE_STDLIB_H 1
#define HAVE_STRING_H 1
#define HAVE_MEMORY_H 1
#define HAVE_STRINGS_H 1
#define HAVE_INTTYPES_H 1
#define HAVE_STDINT_H 1
#define HAVE_UNISTD_H 1
#define HAVE_DLFCN_H 1
#define LT_OBJDIR ".libs/"
#define GETTEXT_PACKAGE "json-glib-1.0"

configure: exit 0
